09-Dec-2024 10:03:22.503 INFO [main] org.apache.catalina.startup.VersionLoggerListener.log Server version name:   Apache Tomcat/9.0.38
09-Dec-2024 10:03:22.509 INFO [main] org.apache.catalina.startup.VersionLoggerListener.log Server built:          Sep 10 2020 08:20:30 UTC
09-Dec-2024 10:03:22.509 INFO [main] org.apache.catalina.startup.VersionLoggerListener.log Server version number: 9.0.38.0
09-Dec-2024 10:03:22.509 INFO [main] org.apache.catalina.startup.VersionLoggerListener.log OS Name:               Windows 10
09-Dec-2024 10:03:22.509 INFO [main] org.apache.catalina.startup.VersionLoggerListener.log OS Version:            10.0
09-Dec-2024 10:03:22.509 INFO [main] org.apache.catalina.startup.VersionLoggerListener.log Architecture:          amd64
09-Dec-2024 10:03:22.509 INFO [main] org.apache.catalina.startup.VersionLoggerListener.log Java Home:             C:\Program Files\Java\jdk1.8.0_261\jre
09-Dec-2024 10:03:22.509 INFO [main] org.apache.catalina.startup.VersionLoggerListener.log JVM Version:           1.8.0_261-b12
09-Dec-2024 10:03:22.509 INFO [main] org.apache.catalina.startup.VersionLoggerListener.log JVM Vendor:            Oracle Corporation
09-Dec-2024 10:03:22.510 INFO [main] org.apache.catalina.startup.VersionLoggerListener.log CATALINA_BASE:         C:\Users\MUJAHID\IdeaProjects\springForms
09-Dec-2024 10:03:22.510 INFO [main] org.apache.catalina.startup.VersionLoggerListener.log CATALINA_HOME:         C:\Users\MUJAHID\Downloads\tomcat-1\apache-tomcat-9.0.38
09-Dec-2024 10:03:22.515 INFO [main] org.apache.catalina.startup.VersionLoggerListener.log Command line argument: -Dcatalina.home=C:\Users\MUJAHID\Downloads\tomcat-1\apache-tomcat-9.0.38
09-Dec-2024 10:03:22.515 INFO [main] org.apache.catalina.startup.VersionLoggerListener.log Command line argument: -Dcatalina.base=C:\Users\MUJAHID\IdeaProjects\springForms
09-Dec-2024 10:03:22.515 INFO [main] org.apache.catalina.startup.VersionLoggerListener.log Command line argument: -Djava.io.tmpdir=C:\Users\MUJAHID\IdeaProjects\springForms\temp
09-Dec-2024 10:03:22.515 INFO [main] org.apache.catalina.startup.VersionLoggerListener.log Command line argument: -Djava.util.logging.config.file=C:\Users\MUJAHID\IdeaProjects\springForms\conf\logging.properties
09-Dec-2024 10:03:22.515 INFO [main] org.apache.catalina.startup.VersionLoggerListener.log Command line argument: -Djava.util.logging.manager=org.apache.juli.ClassLoaderLogManager
09-Dec-2024 10:03:22.515 INFO [main] org.apache.catalina.startup.VersionLoggerListener.log Command line argument: -javaagent:C:\Users\MUJAHID\Downloads\ideaIC-2024.1.4.win\lib\idea_rt.jar=50176:C:\Users\MUJAHID\Downloads\ideaIC-2024.1.4.win\bin
09-Dec-2024 10:03:22.515 INFO [main] org.apache.catalina.startup.VersionLoggerListener.log Command line argument: -Dfile.encoding=UTF-8
09-Dec-2024 10:03:22.523 INFO [main] org.apache.catalina.core.AprLifecycleListener.lifecycleEvent Loaded Apache Tomcat Native library [1.2.25] using APR version [1.7.0].
09-Dec-2024 10:03:22.523 INFO [main] org.apache.catalina.core.AprLifecycleListener.lifecycleEvent APR capabilities: IPv6 [true], sendfile [true], accept filters [false], random [true].
09-Dec-2024 10:03:22.523 INFO [main] org.apache.catalina.core.AprLifecycleListener.lifecycleEvent APR/OpenSSL configuration: useAprConnector [false], useOpenSSL [true]
09-Dec-2024 10:03:22.537 INFO [main] org.apache.catalina.core.AprLifecycleListener.initializeSSL OpenSSL successfully initialized [OpenSSL 1.1.1g  21 Apr 2020]
09-Dec-2024 10:03:23.177 INFO [main] org.apache.coyote.AbstractProtocol.init Initializing ProtocolHandler ["http-nio-2004"]
09-Dec-2024 10:03:23.539 INFO [main] org.apache.catalina.startup.Catalina.load Server initialization in [1430] milliseconds
09-Dec-2024 10:03:23.581 INFO [main] org.apache.catalina.core.StandardService.startInternal Starting service [Catalina]
09-Dec-2024 10:03:23.582 INFO [main] org.apache.catalina.core.StandardEngine.startInternal Starting Servlet engine: [Apache Tomcat/9.0.38]
09-Dec-2024 10:03:23.598 INFO [main] org.apache.catalina.startup.HostConfig.deployDescriptor Deploying deployment descriptor [C:\Users\MUJAHID\IdeaProjects\springForms\conf\Catalina\localhost\Spring1.xml]
09-Dec-2024 10:03:25.363 INFO [main] org.apache.jasper.servlet.TldScanner.scanJars At least one JAR was scanned for TLDs yet contained no TLDs. Enable debug logging for this logger for a complete list of JARs that were scanned but no TLDs were found in them. Skipping unneeded JARs during scanning can improve startup time and JSP compilation time.
09-Dec-2024 10:03:25.551 INFO [main] org.springframework.web.servlet.FrameworkServlet.initServletBean Initializing Servlet 'dispatcher'
09-Dec-2024 10:03:26.567 INFO [main] org.springframework.web.servlet.FrameworkServlet.initServletBean Completed initialization in 1016 ms
09-Dec-2024 10:03:26.583 INFO [main] org.apache.catalina.startup.HostConfig.deployDescriptor Deployment of deployment descriptor [C:\Users\MUJAHID\IdeaProjects\springForms\conf\Catalina\localhost\Spring1.xml] has finished in [2,985] ms
09-Dec-2024 10:03:26.583 INFO [main] org.apache.catalina.startup.HostConfig.deployDescriptor Deploying deployment descriptor [C:\Users\MUJAHID\IdeaProjects\springForms\conf\Catalina\localhost\springForms.xml]
09-Dec-2024 10:03:27.932 INFO [main] org.apache.jasper.servlet.TldScanner.scanJars At least one JAR was scanned for TLDs yet contained no TLDs. Enable debug logging for this logger for a complete list of JARs that were scanned but no TLDs were found in them. Skipping unneeded JARs during scanning can improve startup time and JSP compilation time.
09-Dec-2024 10:03:28.119 INFO [main] org.springframework.web.servlet.FrameworkServlet.initServletBean Initializing Servlet 'dispatcher'
09-Dec-2024 10:03:30.219 INFO [main] org.springframework.web.servlet.FrameworkServlet.initServletBean Completed initialization in 2099 ms
09-Dec-2024 10:03:30.222 INFO [main] org.apache.catalina.startup.HostConfig.deployDescriptor Deployment of deployment descriptor [C:\Users\MUJAHID\IdeaProjects\springForms\conf\Catalina\localhost\springForms.xml] has finished in [3,639] ms
09-Dec-2024 10:03:30.225 INFO [main] org.apache.coyote.AbstractProtocol.start Starting ProtocolHandler ["http-nio-2004"]
09-Dec-2024 10:03:30.252 INFO [main] org.apache.catalina.startup.Catalina.start Server startup in [6712] milliseconds
09-Dec-2024 11:01:52.998 INFO [Thread-4] org.apache.coyote.AbstractProtocol.pause Pausing ProtocolHandler ["http-nio-2004"]
09-Dec-2024 11:01:53.225 INFO [Thread-4] org.apache.catalina.core.StandardService.stopInternal Stopping service [Catalina]
09-Dec-2024 11:01:53.280 INFO [Thread-4] org.apache.coyote.AbstractProtocol.stop Stopping ProtocolHandler ["http-nio-2004"]
09-Dec-2024 11:01:53.345 INFO [Thread-4] org.apache.coyote.AbstractProtocol.destroy Destroying ProtocolHandler ["http-nio-2004"]
09-Dec-2024 11:01:57.249 INFO [main] org.apache.catalina.startup.VersionLoggerListener.log Server version name:   Apache Tomcat/9.0.38
09-Dec-2024 11:01:57.253 INFO [main] org.apache.catalina.startup.VersionLoggerListener.log Server built:          Sep 10 2020 08:20:30 UTC
09-Dec-2024 11:01:57.253 INFO [main] org.apache.catalina.startup.VersionLoggerListener.log Server version number: 9.0.38.0
09-Dec-2024 11:01:57.253 INFO [main] org.apache.catalina.startup.VersionLoggerListener.log OS Name:               Windows 10
09-Dec-2024 11:01:57.253 INFO [main] org.apache.catalina.startup.VersionLoggerListener.log OS Version:            10.0
09-Dec-2024 11:01:57.253 INFO [main] org.apache.catalina.startup.VersionLoggerListener.log Architecture:          amd64
09-Dec-2024 11:01:57.253 INFO [main] org.apache.catalina.startup.VersionLoggerListener.log Java Home:             C:\Program Files\Java\jdk1.8.0_261\jre
09-Dec-2024 11:01:57.253 INFO [main] org.apache.catalina.startup.VersionLoggerListener.log JVM Version:           1.8.0_261-b12
09-Dec-2024 11:01:57.253 INFO [main] org.apache.catalina.startup.VersionLoggerListener.log JVM Vendor:            Oracle Corporation
09-Dec-2024 11:01:57.253 INFO [main] org.apache.catalina.startup.VersionLoggerListener.log CATALINA_BASE:         C:\Users\MUJAHID\IdeaProjects\springForms
09-Dec-2024 11:01:57.253 INFO [main] org.apache.catalina.startup.VersionLoggerListener.log CATALINA_HOME:         C:\Users\MUJAHID\Downloads\tomcat-1\apache-tomcat-9.0.38
09-Dec-2024 11:01:57.256 INFO [main] org.apache.catalina.startup.VersionLoggerListener.log Command line argument: -Dcatalina.home=C:\Users\MUJAHID\Downloads\tomcat-1\apache-tomcat-9.0.38
09-Dec-2024 11:01:57.256 INFO [main] org.apache.catalina.startup.VersionLoggerListener.log Command line argument: -Dcatalina.base=C:\Users\MUJAHID\IdeaProjects\springForms
09-Dec-2024 11:01:57.257 INFO [main] org.apache.catalina.startup.VersionLoggerListener.log Command line argument: -Djava.io.tmpdir=C:\Users\MUJAHID\IdeaProjects\springForms\temp
09-Dec-2024 11:01:57.257 INFO [main] org.apache.catalina.startup.VersionLoggerListener.log Command line argument: -Djava.util.logging.config.file=C:\Users\MUJAHID\IdeaProjects\springForms\conf\logging.properties
09-Dec-2024 11:01:57.257 INFO [main] org.apache.catalina.startup.VersionLoggerListener.log Command line argument: -Djava.util.logging.manager=org.apache.juli.ClassLoaderLogManager
09-Dec-2024 11:01:57.257 INFO [main] org.apache.catalina.startup.VersionLoggerListener.log Command line argument: -javaagent:C:\Users\MUJAHID\Downloads\ideaIC-2024.1.4.win\lib\idea_rt.jar=51118:C:\Users\MUJAHID\Downloads\ideaIC-2024.1.4.win\bin
09-Dec-2024 11:01:57.257 INFO [main] org.apache.catalina.startup.VersionLoggerListener.log Command line argument: -Dfile.encoding=UTF-8
09-Dec-2024 11:01:57.264 INFO [main] org.apache.catalina.core.AprLifecycleListener.lifecycleEvent Loaded Apache Tomcat Native library [1.2.25] using APR version [1.7.0].
09-Dec-2024 11:01:57.264 INFO [main] org.apache.catalina.core.AprLifecycleListener.lifecycleEvent APR capabilities: IPv6 [true], sendfile [true], accept filters [false], random [true].
09-Dec-2024 11:01:57.264 INFO [main] org.apache.catalina.core.AprLifecycleListener.lifecycleEvent APR/OpenSSL configuration: useAprConnector [false], useOpenSSL [true]
09-Dec-2024 11:01:57.269 INFO [main] org.apache.catalina.core.AprLifecycleListener.initializeSSL OpenSSL successfully initialized [OpenSSL 1.1.1g  21 Apr 2020]
09-Dec-2024 11:01:57.781 INFO [main] org.apache.coyote.AbstractProtocol.init Initializing ProtocolHandler ["http-nio-2004"]
09-Dec-2024 11:01:58.057 INFO [main] org.apache.catalina.startup.Catalina.load Server initialization in [1118] milliseconds
09-Dec-2024 11:01:58.098 INFO [main] org.apache.catalina.core.StandardService.startInternal Starting service [Catalina]
09-Dec-2024 11:01:58.098 INFO [main] org.apache.catalina.core.StandardEngine.startInternal Starting Servlet engine: [Apache Tomcat/9.0.38]
09-Dec-2024 11:01:58.112 INFO [main] org.apache.catalina.startup.HostConfig.deployDescriptor Deploying deployment descriptor [C:\Users\MUJAHID\IdeaProjects\springForms\conf\Catalina\localhost\Spring1.xml]
09-Dec-2024 11:01:59.845 INFO [main] org.apache.jasper.servlet.TldScanner.scanJars At least one JAR was scanned for TLDs yet contained no TLDs. Enable debug logging for this logger for a complete list of JARs that were scanned but no TLDs were found in them. Skipping unneeded JARs during scanning can improve startup time and JSP compilation time.
09-Dec-2024 11:02:00.094 INFO [main] org.springframework.web.servlet.FrameworkServlet.initServletBean Initializing Servlet 'dispatcher'
09-Dec-2024 11:02:01.257 INFO [main] org.springframework.web.servlet.FrameworkServlet.initServletBean Completed initialization in 1163 ms
09-Dec-2024 11:02:01.273 INFO [main] org.apache.catalina.startup.HostConfig.deployDescriptor Deployment of deployment descriptor [C:\Users\MUJAHID\IdeaProjects\springForms\conf\Catalina\localhost\Spring1.xml] has finished in [3,160] ms
09-Dec-2024 11:02:01.273 INFO [main] org.apache.catalina.startup.HostConfig.deployDescriptor Deploying deployment descriptor [C:\Users\MUJAHID\IdeaProjects\springForms\conf\Catalina\localhost\springForms.xml]
09-Dec-2024 11:02:02.803 INFO [main] org.apache.jasper.servlet.TldScanner.scanJars At least one JAR was scanned for TLDs yet contained no TLDs. Enable debug logging for this logger for a complete list of JARs that were scanned but no TLDs were found in them. Skipping unneeded JARs during scanning can improve startup time and JSP compilation time.
09-Dec-2024 11:02:03.054 INFO [main] org.springframework.web.servlet.FrameworkServlet.initServletBean Initializing Servlet 'dispatcher'
09-Dec-2024 11:02:04.642 INFO [main] org.springframework.web.servlet.FrameworkServlet.initServletBean Completed initialization in 1587 ms
09-Dec-2024 11:02:04.644 INFO [main] org.apache.catalina.startup.HostConfig.deployDescriptor Deployment of deployment descriptor [C:\Users\MUJAHID\IdeaProjects\springForms\conf\Catalina\localhost\springForms.xml] has finished in [3,371] ms
09-Dec-2024 11:02:04.646 INFO [main] org.apache.coyote.AbstractProtocol.start Starting ProtocolHandler ["http-nio-2004"]
09-Dec-2024 11:02:04.653 INFO [main] org.apache.catalina.startup.Catalina.start Server startup in [6596] milliseconds
