12-Dec-2024 13:46:04.827 INFO [main] org.apache.catalina.startup.VersionLoggerListener.log Server version name:   Apache Tomcat/9.0.38
12-Dec-2024 13:46:04.830 INFO [main] org.apache.catalina.startup.VersionLoggerListener.log Server built:          Sep 10 2020 08:20:30 UTC
12-Dec-2024 13:46:04.830 INFO [main] org.apache.catalina.startup.VersionLoggerListener.log Server version number: 9.0.38.0
12-Dec-2024 13:46:04.830 INFO [main] org.apache.catalina.startup.VersionLoggerListener.log OS Name:               Windows 10
12-Dec-2024 13:46:04.830 INFO [main] org.apache.catalina.startup.VersionLoggerListener.log OS Version:            10.0
12-Dec-2024 13:46:04.830 INFO [main] org.apache.catalina.startup.VersionLoggerListener.log Architecture:          amd64
12-Dec-2024 13:46:04.830 INFO [main] org.apache.catalina.startup.VersionLoggerListener.log Java Home:             C:\Program Files\Java\jdk1.8.0_261\jre
12-Dec-2024 13:46:04.830 INFO [main] org.apache.catalina.startup.VersionLoggerListener.log JVM Version:           1.8.0_261-b12
12-Dec-2024 13:46:04.830 INFO [main] org.apache.catalina.startup.VersionLoggerListener.log JVM Vendor:            Oracle Corporation
12-Dec-2024 13:46:04.830 INFO [main] org.apache.catalina.startup.VersionLoggerListener.log CATALINA_BASE:         C:\Users\MUJAHID\IdeaProjects\marriageRegister
12-Dec-2024 13:46:04.831 INFO [main] org.apache.catalina.startup.VersionLoggerListener.log CATALINA_HOME:         C:\Users\MUJAHID\Downloads\tomcat-1\apache-tomcat-9.0.38
12-Dec-2024 13:46:04.832 INFO [main] org.apache.catalina.startup.VersionLoggerListener.log Command line argument: -Dcatalina.home=C:\Users\MUJAHID\Downloads\tomcat-1\apache-tomcat-9.0.38
12-Dec-2024 13:46:04.833 INFO [main] org.apache.catalina.startup.VersionLoggerListener.log Command line argument: -Dcatalina.base=C:\Users\MUJAHID\IdeaProjects\marriageRegister
12-Dec-2024 13:46:04.833 INFO [main] org.apache.catalina.startup.VersionLoggerListener.log Command line argument: -Djava.io.tmpdir=C:\Users\MUJAHID\IdeaProjects\marriageRegister\temp
12-Dec-2024 13:46:04.833 INFO [main] org.apache.catalina.startup.VersionLoggerListener.log Command line argument: -Djava.util.logging.config.file=C:\Users\MUJAHID\IdeaProjects\marriageRegister\conf\logging.properties
12-Dec-2024 13:46:04.833 INFO [main] org.apache.catalina.startup.VersionLoggerListener.log Command line argument: -Djava.util.logging.manager=org.apache.juli.ClassLoaderLogManager
12-Dec-2024 13:46:04.833 INFO [main] org.apache.catalina.startup.VersionLoggerListener.log Command line argument: -javaagent:C:\Users\MUJAHID\Downloads\ideaIC-2024.1.4.win\lib\idea_rt.jar=52297:C:\Users\MUJAHID\Downloads\ideaIC-2024.1.4.win\bin
12-Dec-2024 13:46:04.833 INFO [main] org.apache.catalina.startup.VersionLoggerListener.log Command line argument: -Dfile.encoding=UTF-8
12-Dec-2024 13:46:04.842 INFO [main] org.apache.catalina.core.AprLifecycleListener.lifecycleEvent Loaded Apache Tomcat Native library [1.2.25] using APR version [1.7.0].
12-Dec-2024 13:46:04.842 INFO [main] org.apache.catalina.core.AprLifecycleListener.lifecycleEvent APR capabilities: IPv6 [true], sendfile [true], accept filters [false], random [true].
12-Dec-2024 13:46:04.843 INFO [main] org.apache.catalina.core.AprLifecycleListener.lifecycleEvent APR/OpenSSL configuration: useAprConnector [false], useOpenSSL [true]
12-Dec-2024 13:46:04.860 INFO [main] org.apache.catalina.core.AprLifecycleListener.initializeSSL OpenSSL successfully initialized [OpenSSL 1.1.1g  21 Apr 2020]
12-Dec-2024 13:46:05.453 INFO [main] org.apache.coyote.AbstractProtocol.init Initializing ProtocolHandler ["http-nio-8080"]
12-Dec-2024 13:46:05.799 INFO [main] org.apache.catalina.startup.Catalina.load Server initialization in [1317] milliseconds
12-Dec-2024 13:46:05.847 INFO [main] org.apache.catalina.core.StandardService.startInternal Starting service [Catalina]
12-Dec-2024 13:46:05.847 INFO [main] org.apache.catalina.core.StandardEngine.startInternal Starting Servlet engine: [Apache Tomcat/9.0.38]
12-Dec-2024 13:46:05.862 INFO [main] org.apache.catalina.startup.HostConfig.deployDescriptor Deploying deployment descriptor [C:\Users\MUJAHID\IdeaProjects\marriageRegister\conf\Catalina\localhost\marriageRegister.xml]
12-Dec-2024 13:46:10.044 INFO [main] org.apache.jasper.servlet.TldScanner.scanJars At least one JAR was scanned for TLDs yet contained no TLDs. Enable debug logging for this logger for a complete list of JARs that were scanned but no TLDs were found in them. Skipping unneeded JARs during scanning can improve startup time and JSP compilation time.
12-Dec-2024 13:46:10.241 INFO [main] org.springframework.web.servlet.FrameworkServlet.initServletBean Initializing Servlet 'dispatcher'
12-Dec-2024 13:46:11.868 INFO [main] org.springframework.web.servlet.FrameworkServlet.initServletBean Completed initialization in 1626 ms
12-Dec-2024 13:46:11.904 INFO [main] org.apache.catalina.startup.HostConfig.deployDescriptor Deployment of deployment descriptor [C:\Users\MUJAHID\IdeaProjects\marriageRegister\conf\Catalina\localhost\marriageRegister.xml] has finished in [6,042] ms
12-Dec-2024 13:46:11.905 INFO [main] org.apache.catalina.startup.HostConfig.deployDescriptor Deploying deployment descriptor [C:\Users\MUJAHID\IdeaProjects\marriageRegister\conf\Catalina\localhost\Spring1.xml]
12-Dec-2024 13:46:12.948 INFO [main] org.apache.jasper.servlet.TldScanner.scanJars At least one JAR was scanned for TLDs yet contained no TLDs. Enable debug logging for this logger for a complete list of JARs that were scanned but no TLDs were found in them. Skipping unneeded JARs during scanning can improve startup time and JSP compilation time.
12-Dec-2024 13:46:13.117 INFO [main] org.springframework.web.servlet.FrameworkServlet.initServletBean Initializing Servlet 'dispatcher'
12-Dec-2024 13:46:13.890 INFO [main] org.springframework.web.servlet.FrameworkServlet.initServletBean Completed initialization in 773 ms
12-Dec-2024 13:46:13.891 INFO [main] org.apache.catalina.startup.HostConfig.deployDescriptor Deployment of deployment descriptor [C:\Users\MUJAHID\IdeaProjects\marriageRegister\conf\Catalina\localhost\Spring1.xml] has finished in [1,986] ms
12-Dec-2024 13:46:13.896 INFO [main] org.apache.coyote.AbstractProtocol.start Starting ProtocolHandler ["http-nio-8080"]
12-Dec-2024 13:46:13.904 INFO [main] org.apache.catalina.startup.Catalina.start Server startup in [8104] milliseconds
12-Dec-2024 13:49:07.137 INFO [Thread-4] org.apache.coyote.AbstractProtocol.pause Pausing ProtocolHandler ["http-nio-8080"]
12-Dec-2024 13:49:07.325 INFO [Thread-4] org.apache.catalina.core.StandardService.stopInternal Stopping service [Catalina]
12-Dec-2024 13:49:07.358 INFO [Thread-4] org.apache.coyote.AbstractProtocol.stop Stopping ProtocolHandler ["http-nio-8080"]
12-Dec-2024 13:49:07.376 INFO [Thread-4] org.apache.coyote.AbstractProtocol.destroy Destroying ProtocolHandler ["http-nio-8080"]
12-Dec-2024 13:49:15.606 INFO [main] org.apache.catalina.startup.VersionLoggerListener.log Server version name:   Apache Tomcat/9.0.38
12-Dec-2024 13:49:15.610 INFO [main] org.apache.catalina.startup.VersionLoggerListener.log Server built:          Sep 10 2020 08:20:30 UTC
12-Dec-2024 13:49:15.610 INFO [main] org.apache.catalina.startup.VersionLoggerListener.log Server version number: 9.0.38.0
12-Dec-2024 13:49:15.610 INFO [main] org.apache.catalina.startup.VersionLoggerListener.log OS Name:               Windows 10
12-Dec-2024 13:49:15.610 INFO [main] org.apache.catalina.startup.VersionLoggerListener.log OS Version:            10.0
12-Dec-2024 13:49:15.610 INFO [main] org.apache.catalina.startup.VersionLoggerListener.log Architecture:          amd64
12-Dec-2024 13:49:15.610 INFO [main] org.apache.catalina.startup.VersionLoggerListener.log Java Home:             C:\Program Files\Java\jdk1.8.0_261\jre
12-Dec-2024 13:49:15.610 INFO [main] org.apache.catalina.startup.VersionLoggerListener.log JVM Version:           1.8.0_261-b12
12-Dec-2024 13:49:15.610 INFO [main] org.apache.catalina.startup.VersionLoggerListener.log JVM Vendor:            Oracle Corporation
12-Dec-2024 13:49:15.611 INFO [main] org.apache.catalina.startup.VersionLoggerListener.log CATALINA_BASE:         C:\Users\MUJAHID\IdeaProjects\marriageRegister
12-Dec-2024 13:49:15.611 INFO [main] org.apache.catalina.startup.VersionLoggerListener.log CATALINA_HOME:         C:\Users\MUJAHID\Downloads\tomcat-1\apache-tomcat-9.0.38
12-Dec-2024 13:49:15.612 INFO [main] org.apache.catalina.startup.VersionLoggerListener.log Command line argument: -Dcatalina.home=C:\Users\MUJAHID\Downloads\tomcat-1\apache-tomcat-9.0.38
12-Dec-2024 13:49:15.614 INFO [main] org.apache.catalina.startup.VersionLoggerListener.log Command line argument: -Dcatalina.base=C:\Users\MUJAHID\IdeaProjects\marriageRegister
12-Dec-2024 13:49:15.614 INFO [main] org.apache.catalina.startup.VersionLoggerListener.log Command line argument: -Djava.io.tmpdir=C:\Users\MUJAHID\IdeaProjects\marriageRegister\temp
12-Dec-2024 13:49:15.614 INFO [main] org.apache.catalina.startup.VersionLoggerListener.log Command line argument: -Djava.util.logging.config.file=C:\Users\MUJAHID\IdeaProjects\marriageRegister\conf\logging.properties
12-Dec-2024 13:49:15.614 INFO [main] org.apache.catalina.startup.VersionLoggerListener.log Command line argument: -Djava.util.logging.manager=org.apache.juli.ClassLoaderLogManager
12-Dec-2024 13:49:15.614 INFO [main] org.apache.catalina.startup.VersionLoggerListener.log Command line argument: -javaagent:C:\Users\MUJAHID\Downloads\ideaIC-2024.1.4.win\lib\idea_rt.jar=52347:C:\Users\MUJAHID\Downloads\ideaIC-2024.1.4.win\bin
12-Dec-2024 13:49:15.614 INFO [main] org.apache.catalina.startup.VersionLoggerListener.log Command line argument: -Dfile.encoding=UTF-8
12-Dec-2024 13:49:15.619 INFO [main] org.apache.catalina.core.AprLifecycleListener.lifecycleEvent Loaded Apache Tomcat Native library [1.2.25] using APR version [1.7.0].
12-Dec-2024 13:49:15.619 INFO [main] org.apache.catalina.core.AprLifecycleListener.lifecycleEvent APR capabilities: IPv6 [true], sendfile [true], accept filters [false], random [true].
12-Dec-2024 13:49:15.619 INFO [main] org.apache.catalina.core.AprLifecycleListener.lifecycleEvent APR/OpenSSL configuration: useAprConnector [false], useOpenSSL [true]
12-Dec-2024 13:49:15.625 INFO [main] org.apache.catalina.core.AprLifecycleListener.initializeSSL OpenSSL successfully initialized [OpenSSL 1.1.1g  21 Apr 2020]
12-Dec-2024 13:49:16.138 INFO [main] org.apache.coyote.AbstractProtocol.init Initializing ProtocolHandler ["http-nio-8080"]
12-Dec-2024 13:49:16.474 INFO [main] org.apache.catalina.startup.Catalina.load Server initialization in [1170] milliseconds
12-Dec-2024 13:49:16.527 INFO [main] org.apache.catalina.core.StandardService.startInternal Starting service [Catalina]
12-Dec-2024 13:49:16.527 INFO [main] org.apache.catalina.core.StandardEngine.startInternal Starting Servlet engine: [Apache Tomcat/9.0.38]
12-Dec-2024 13:49:16.541 INFO [main] org.apache.catalina.startup.HostConfig.deployDescriptor Deploying deployment descriptor [C:\Users\MUJAHID\IdeaProjects\marriageRegister\conf\Catalina\localhost\marriageRegister.xml]
12-Dec-2024 13:49:19.820 INFO [main] org.apache.jasper.servlet.TldScanner.scanJars At least one JAR was scanned for TLDs yet contained no TLDs. Enable debug logging for this logger for a complete list of JARs that were scanned but no TLDs were found in them. Skipping unneeded JARs during scanning can improve startup time and JSP compilation time.
12-Dec-2024 13:49:20.083 INFO [main] org.springframework.web.servlet.FrameworkServlet.initServletBean Initializing Servlet 'dispatcher'
12-Dec-2024 13:49:21.830 INFO [main] org.springframework.web.servlet.FrameworkServlet.initServletBean Completed initialization in 1747 ms
12-Dec-2024 13:49:21.844 INFO [main] org.apache.catalina.startup.HostConfig.deployDescriptor Deployment of deployment descriptor [C:\Users\MUJAHID\IdeaProjects\marriageRegister\conf\Catalina\localhost\marriageRegister.xml] has finished in [5,302] ms
12-Dec-2024 13:49:21.845 INFO [main] org.apache.catalina.startup.HostConfig.deployDescriptor Deploying deployment descriptor [C:\Users\MUJAHID\IdeaProjects\marriageRegister\conf\Catalina\localhost\Spring1.xml]
12-Dec-2024 13:49:23.048 INFO [main] org.apache.jasper.servlet.TldScanner.scanJars At least one JAR was scanned for TLDs yet contained no TLDs. Enable debug logging for this logger for a complete list of JARs that were scanned but no TLDs were found in them. Skipping unneeded JARs during scanning can improve startup time and JSP compilation time.
12-Dec-2024 13:49:23.203 INFO [main] org.springframework.web.servlet.FrameworkServlet.initServletBean Initializing Servlet 'dispatcher'
12-Dec-2024 13:49:24.040 INFO [main] org.springframework.web.servlet.FrameworkServlet.initServletBean Completed initialization in 837 ms
12-Dec-2024 13:49:24.042 INFO [main] org.apache.catalina.startup.HostConfig.deployDescriptor Deployment of deployment descriptor [C:\Users\MUJAHID\IdeaProjects\marriageRegister\conf\Catalina\localhost\Spring1.xml] has finished in [2,198] ms
12-Dec-2024 13:49:24.047 INFO [main] org.apache.coyote.AbstractProtocol.start Starting ProtocolHandler ["http-nio-8080"]
12-Dec-2024 13:49:24.058 INFO [main] org.apache.catalina.startup.Catalina.start Server startup in [7584] milliseconds
12-Dec-2024 13:50:04.933 INFO [Thread-4] org.apache.coyote.AbstractProtocol.pause Pausing ProtocolHandler ["http-nio-8080"]
12-Dec-2024 13:50:05.195 INFO [Thread-4] org.apache.catalina.core.StandardService.stopInternal Stopping service [Catalina]
12-Dec-2024 13:50:05.226 INFO [Thread-4] org.apache.coyote.AbstractProtocol.stop Stopping ProtocolHandler ["http-nio-8080"]
12-Dec-2024 13:50:05.274 INFO [Thread-4] org.apache.coyote.AbstractProtocol.destroy Destroying ProtocolHandler ["http-nio-8080"]
12-Dec-2024 14:40:23.130 INFO [main] org.apache.catalina.startup.VersionLoggerListener.log Server version name:   Apache Tomcat/9.0.38
12-Dec-2024 14:40:23.133 INFO [main] org.apache.catalina.startup.VersionLoggerListener.log Server built:          Sep 10 2020 08:20:30 UTC
12-Dec-2024 14:40:23.133 INFO [main] org.apache.catalina.startup.VersionLoggerListener.log Server version number: 9.0.38.0
12-Dec-2024 14:40:23.133 INFO [main] org.apache.catalina.startup.VersionLoggerListener.log OS Name:               Windows 10
12-Dec-2024 14:40:23.133 INFO [main] org.apache.catalina.startup.VersionLoggerListener.log OS Version:            10.0
12-Dec-2024 14:40:23.133 INFO [main] org.apache.catalina.startup.VersionLoggerListener.log Architecture:          amd64
12-Dec-2024 14:40:23.134 INFO [main] org.apache.catalina.startup.VersionLoggerListener.log Java Home:             C:\Program Files\Java\jdk1.8.0_261\jre
12-Dec-2024 14:40:23.134 INFO [main] org.apache.catalina.startup.VersionLoggerListener.log JVM Version:           1.8.0_261-b12
12-Dec-2024 14:40:23.134 INFO [main] org.apache.catalina.startup.VersionLoggerListener.log JVM Vendor:            Oracle Corporation
12-Dec-2024 14:40:23.134 INFO [main] org.apache.catalina.startup.VersionLoggerListener.log CATALINA_BASE:         C:\Users\MUJAHID\IdeaProjects\marriageRegister
12-Dec-2024 14:40:23.134 INFO [main] org.apache.catalina.startup.VersionLoggerListener.log CATALINA_HOME:         C:\Users\MUJAHID\Downloads\tomcat-1\apache-tomcat-9.0.38
12-Dec-2024 14:40:23.138 INFO [main] org.apache.catalina.startup.VersionLoggerListener.log Command line argument: -Dcatalina.home=C:\Users\MUJAHID\Downloads\tomcat-1\apache-tomcat-9.0.38
12-Dec-2024 14:40:23.138 INFO [main] org.apache.catalina.startup.VersionLoggerListener.log Command line argument: -Dcatalina.base=C:\Users\MUJAHID\IdeaProjects\marriageRegister
12-Dec-2024 14:40:23.138 INFO [main] org.apache.catalina.startup.VersionLoggerListener.log Command line argument: -Djava.io.tmpdir=C:\Users\MUJAHID\IdeaProjects\marriageRegister\temp
12-Dec-2024 14:40:23.138 INFO [main] org.apache.catalina.startup.VersionLoggerListener.log Command line argument: -Djava.util.logging.config.file=C:\Users\MUJAHID\IdeaProjects\marriageRegister\conf\logging.properties
12-Dec-2024 14:40:23.139 INFO [main] org.apache.catalina.startup.VersionLoggerListener.log Command line argument: -Djava.util.logging.manager=org.apache.juli.ClassLoaderLogManager
12-Dec-2024 14:40:23.139 INFO [main] org.apache.catalina.startup.VersionLoggerListener.log Command line argument: -javaagent:C:\Users\MUJAHID\Downloads\ideaIC-2024.1.4.win\lib\idea_rt.jar=52645:C:\Users\MUJAHID\Downloads\ideaIC-2024.1.4.win\bin
12-Dec-2024 14:40:23.139 INFO [main] org.apache.catalina.startup.VersionLoggerListener.log Command line argument: -Dfile.encoding=UTF-8
12-Dec-2024 14:40:23.144 INFO [main] org.apache.catalina.core.AprLifecycleListener.lifecycleEvent Loaded Apache Tomcat Native library [1.2.25] using APR version [1.7.0].
12-Dec-2024 14:40:23.144 INFO [main] org.apache.catalina.core.AprLifecycleListener.lifecycleEvent APR capabilities: IPv6 [true], sendfile [true], accept filters [false], random [true].
12-Dec-2024 14:40:23.145 INFO [main] org.apache.catalina.core.AprLifecycleListener.lifecycleEvent APR/OpenSSL configuration: useAprConnector [false], useOpenSSL [true]
12-Dec-2024 14:40:23.157 INFO [main] org.apache.catalina.core.AprLifecycleListener.initializeSSL OpenSSL successfully initialized [OpenSSL 1.1.1g  21 Apr 2020]
12-Dec-2024 14:40:23.612 INFO [main] org.apache.coyote.AbstractProtocol.init Initializing ProtocolHandler ["http-nio-8080"]
12-Dec-2024 14:40:23.924 INFO [main] org.apache.catalina.startup.Catalina.load Server initialization in [1065] milliseconds
12-Dec-2024 14:40:23.962 INFO [main] org.apache.catalina.core.StandardService.startInternal Starting service [Catalina]
12-Dec-2024 14:40:23.962 INFO [main] org.apache.catalina.core.StandardEngine.startInternal Starting Servlet engine: [Apache Tomcat/9.0.38]
12-Dec-2024 14:40:23.976 INFO [main] org.apache.catalina.startup.HostConfig.deployDescriptor Deploying deployment descriptor [C:\Users\MUJAHID\IdeaProjects\marriageRegister\conf\Catalina\localhost\marriageRegister.xml]
12-Dec-2024 14:40:27.324 INFO [main] org.apache.jasper.servlet.TldScanner.scanJars At least one JAR was scanned for TLDs yet contained no TLDs. Enable debug logging for this logger for a complete list of JARs that were scanned but no TLDs were found in them. Skipping unneeded JARs during scanning can improve startup time and JSP compilation time.
12-Dec-2024 14:40:27.617 INFO [main] org.springframework.web.servlet.FrameworkServlet.initServletBean Initializing Servlet 'dispatcher'
12-Dec-2024 14:40:28.505 WARNING [main] org.springframework.context.support.AbstractApplicationContext.refresh Exception encountered during context initialization - cancelling refresh attempt: org.springframework.beans.factory.UnsatisfiedDependencyException: Error creating bean with name 'marriageRegisterController': Unsatisfied dependency expressed through field 'service'; nested exception is org.springframework.beans.factory.NoSuchBeanDefinitionException: No qualifying bean of type 'com.xworkz.marriageRegister.service.MarriageRegisterService' available: expected at least 1 bean which qualifies as autowire candidate. Dependency annotations: {@org.springframework.beans.factory.annotation.Autowired(required=true)}
12-Dec-2024 14:40:28.520 SEVERE [main] org.springframework.web.servlet.FrameworkServlet.initServletBean Context initialization failed
	org.springframework.beans.factory.UnsatisfiedDependencyException: Error creating bean with name 'marriageRegisterController': Unsatisfied dependency expressed through field 'service'; nested exception is org.springframework.beans.factory.NoSuchBeanDefinitionException: No qualifying bean of type 'com.xworkz.marriageRegister.service.MarriageRegisterService' available: expected at least 1 bean which qualifies as autowire candidate. Dependency annotations: {@org.springframework.beans.factory.annotation.Autowired(required=true)}
		at org.springframework.beans.factory.annotation.AutowiredAnnotationBeanPostProcessor$AutowiredFieldElement.resolveFieldValue(AutowiredAnnotationBeanPostProcessor.java:713)
		at org.springframework.beans.factory.annotation.AutowiredAnnotationBeanPostProcessor$AutowiredFieldElement.inject(AutowiredAnnotationBeanPostProcessor.java:693)
		at org.springframework.beans.factory.annotation.InjectionMetadata.inject(InjectionMetadata.java:119)
		at org.springframework.beans.factory.annotation.AutowiredAnnotationBeanPostProcessor.postProcessProperties(AutowiredAnnotationBeanPostProcessor.java:408)
		at org.springframework.beans.factory.support.AbstractAutowireCapableBeanFactory.populateBean(AbstractAutowireCapableBeanFactory.java:1431)
		at org.springframework.beans.factory.support.AbstractAutowireCapableBeanFactory.doCreateBean(AbstractAutowireCapableBeanFactory.java:619)
		at org.springframework.beans.factory.support.AbstractAutowireCapableBeanFactory.createBean(AbstractAutowireCapableBeanFactory.java:542)
		at org.springframework.beans.factory.support.AbstractBeanFactory.lambda$doGetBean$0(AbstractBeanFactory.java:336)
		at org.springframework.beans.factory.support.DefaultSingletonBeanRegistry.getSingleton(DefaultSingletonBeanRegistry.java:234)
		at org.springframework.beans.factory.support.AbstractBeanFactory.doGetBean(AbstractBeanFactory.java:334)
		at org.springframework.beans.factory.support.AbstractBeanFactory.getBean(AbstractBeanFactory.java:209)
		at org.springframework.beans.factory.support.DefaultListableBeanFactory.preInstantiateSingletons(DefaultListableBeanFactory.java:955)
		at org.springframework.context.support.AbstractApplicationContext.finishBeanFactoryInitialization(AbstractApplicationContext.java:932)
		at org.springframework.context.support.AbstractApplicationContext.refresh(AbstractApplicationContext.java:591)
		at org.springframework.web.servlet.FrameworkServlet.configureAndRefreshWebApplicationContext(FrameworkServlet.java:702)
		at org.springframework.web.servlet.FrameworkServlet.initWebApplicationContext(FrameworkServlet.java:578)
		at org.springframework.web.servlet.FrameworkServlet.initServletBean(FrameworkServlet.java:530)
		at org.springframework.web.servlet.HttpServletBean.init(HttpServletBean.java:170)
		at javax.servlet.GenericServlet.init(GenericServlet.java:158)
		at org.apache.catalina.core.StandardWrapper.initServlet(StandardWrapper.java:1134)
		at org.apache.catalina.core.StandardWrapper.load(StandardWrapper.java:986)
		at org.apache.catalina.core.StandardContext.loadOnStartup(StandardContext.java:4864)
		at org.apache.catalina.core.StandardContext.startInternal(StandardContext.java:5173)
		at org.apache.catalina.util.LifecycleBase.start(LifecycleBase.java:183)
		at org.apache.catalina.core.ContainerBase.addChildInternal(ContainerBase.java:717)
		at org.apache.catalina.core.ContainerBase.addChild(ContainerBase.java:690)
		at org.apache.catalina.core.StandardHost.addChild(StandardHost.java:706)
		at org.apache.catalina.startup.HostConfig.deployDescriptor(HostConfig.java:631)
		at org.apache.catalina.startup.HostConfig$DeployDescriptor.run(HostConfig.java:1830)
		at java.util.concurrent.Executors$RunnableAdapter.call(Executors.java:511)
		at java.util.concurrent.FutureTask.run(FutureTask.java:266)
		at org.apache.tomcat.util.threads.InlineExecutorService.execute(InlineExecutorService.java:75)
		at java.util.concurrent.AbstractExecutorService.submit(AbstractExecutorService.java:112)
		at org.apache.catalina.startup.HostConfig.deployDescriptors(HostConfig.java:526)
		at org.apache.catalina.startup.HostConfig.deployApps(HostConfig.java:425)
		at org.apache.catalina.startup.HostConfig.start(HostConfig.java:1576)
		at org.apache.catalina.startup.HostConfig.lifecycleEvent(HostConfig.java:309)
		at org.apache.catalina.util.LifecycleBase.fireLifecycleEvent(LifecycleBase.java:123)
		at org.apache.catalina.util.LifecycleBase.setStateInternal(LifecycleBase.java:423)
		at org.apache.catalina.util.LifecycleBase.setState(LifecycleBase.java:366)
		at org.apache.catalina.core.ContainerBase.startInternal(ContainerBase.java:936)
		at org.apache.catalina.core.StandardHost.startInternal(StandardHost.java:843)
		at org.apache.catalina.util.LifecycleBase.start(LifecycleBase.java:183)
		at org.apache.catalina.core.ContainerBase$StartChild.call(ContainerBase.java:1384)
		at org.apache.catalina.core.ContainerBase$StartChild.call(ContainerBase.java:1374)
		at java.util.concurrent.FutureTask.run(FutureTask.java:266)
		at org.apache.tomcat.util.threads.InlineExecutorService.execute(InlineExecutorService.java:75)
		at java.util.concurrent.AbstractExecutorService.submit(AbstractExecutorService.java:134)
		at org.apache.catalina.core.ContainerBase.startInternal(ContainerBase.java:909)
		at org.apache.catalina.core.StandardEngine.startInternal(StandardEngine.java:262)
		at org.apache.catalina.util.LifecycleBase.start(LifecycleBase.java:183)
		at org.apache.catalina.core.StandardService.startInternal(StandardService.java:421)
		at org.apache.catalina.util.LifecycleBase.start(LifecycleBase.java:183)
		at org.apache.catalina.core.StandardServer.startInternal(StandardServer.java:930)
		at org.apache.catalina.util.LifecycleBase.start(LifecycleBase.java:183)
		at org.apache.catalina.startup.Catalina.start(Catalina.java:772)
		at sun.reflect.NativeMethodAccessorImpl.invoke0(Native Method)
		at sun.reflect.NativeMethodAccessorImpl.invoke(NativeMethodAccessorImpl.java:62)
		at sun.reflect.DelegatingMethodAccessorImpl.invoke(DelegatingMethodAccessorImpl.java:43)
		at java.lang.reflect.Method.invoke(Method.java:498)
		at org.apache.catalina.startup.Bootstrap.start(Bootstrap.java:342)
		at org.apache.catalina.startup.Bootstrap.main(Bootstrap.java:473)
	Caused by: org.springframework.beans.factory.NoSuchBeanDefinitionException: No qualifying bean of type 'com.xworkz.marriageRegister.service.MarriageRegisterService' available: expected at least 1 bean which qualifies as autowire candidate. Dependency annotations: {@org.springframework.beans.factory.annotation.Autowired(required=true)}
		at org.springframework.beans.factory.support.DefaultListableBeanFactory.raiseNoMatchingBeanFound(DefaultListableBeanFactory.java:1801)
		at org.springframework.beans.factory.support.DefaultListableBeanFactory.doResolveDependency(DefaultListableBeanFactory.java:1357)
		at org.springframework.beans.factory.support.DefaultListableBeanFactory.resolveDependency(DefaultListableBeanFactory.java:1311)
		at org.springframework.beans.factory.annotation.AutowiredAnnotationBeanPostProcessor$AutowiredFieldElement.resolveFieldValue(AutowiredAnnotationBeanPostProcessor.java:710)
		... 61 more
12-Dec-2024 14:40:28.541 INFO [main] org.apache.catalina.startup.HostConfig.deployDescriptor Deployment of deployment descriptor [C:\Users\MUJAHID\IdeaProjects\marriageRegister\conf\Catalina\localhost\marriageRegister.xml] has finished in [4,564] ms
12-Dec-2024 14:40:28.541 INFO [main] org.apache.catalina.startup.HostConfig.deployDescriptor Deploying deployment descriptor [C:\Users\MUJAHID\IdeaProjects\marriageRegister\conf\Catalina\localhost\Spring1.xml]
12-Dec-2024 14:40:30.133 INFO [main] org.apache.jasper.servlet.TldScanner.scanJars At least one JAR was scanned for TLDs yet contained no TLDs. Enable debug logging for this logger for a complete list of JARs that were scanned but no TLDs were found in them. Skipping unneeded JARs during scanning can improve startup time and JSP compilation time.
12-Dec-2024 14:40:30.407 INFO [main] org.springframework.web.servlet.FrameworkServlet.initServletBean Initializing Servlet 'dispatcher'
12-Dec-2024 14:40:31.089 INFO [main] org.springframework.web.servlet.FrameworkServlet.initServletBean Completed initialization in 682 ms
12-Dec-2024 14:40:31.092 INFO [main] org.apache.catalina.startup.HostConfig.deployDescriptor Deployment of deployment descriptor [C:\Users\MUJAHID\IdeaProjects\marriageRegister\conf\Catalina\localhost\Spring1.xml] has finished in [2,550] ms
12-Dec-2024 14:40:31.096 INFO [main] org.apache.coyote.AbstractProtocol.start Starting ProtocolHandler ["http-nio-8080"]
12-Dec-2024 14:40:31.103 INFO [main] org.apache.catalina.startup.Catalina.start Server startup in [7179] milliseconds
12-Dec-2024 14:40:54.777 INFO [Thread-4] org.apache.coyote.AbstractProtocol.pause Pausing ProtocolHandler ["http-nio-8080"]
12-Dec-2024 14:40:55.014 INFO [Thread-4] org.apache.catalina.core.StandardService.stopInternal Stopping service [Catalina]
12-Dec-2024 14:40:55.059 INFO [Thread-4] org.apache.coyote.AbstractProtocol.stop Stopping ProtocolHandler ["http-nio-8080"]
12-Dec-2024 14:40:55.143 INFO [Thread-4] org.apache.coyote.AbstractProtocol.destroy Destroying ProtocolHandler ["http-nio-8080"]
12-Dec-2024 14:41:00.353 INFO [main] org.apache.catalina.startup.VersionLoggerListener.log Server version name:   Apache Tomcat/9.0.38
12-Dec-2024 14:41:00.356 INFO [main] org.apache.catalina.startup.VersionLoggerListener.log Server built:          Sep 10 2020 08:20:30 UTC
12-Dec-2024 14:41:00.358 INFO [main] org.apache.catalina.startup.VersionLoggerListener.log Server version number: 9.0.38.0
12-Dec-2024 14:41:00.358 INFO [main] org.apache.catalina.startup.VersionLoggerListener.log OS Name:               Windows 10
12-Dec-2024 14:41:00.358 INFO [main] org.apache.catalina.startup.VersionLoggerListener.log OS Version:            10.0
12-Dec-2024 14:41:00.358 INFO [main] org.apache.catalina.startup.VersionLoggerListener.log Architecture:          amd64
12-Dec-2024 14:41:00.358 INFO [main] org.apache.catalina.startup.VersionLoggerListener.log Java Home:             C:\Program Files\Java\jdk1.8.0_261\jre
12-Dec-2024 14:41:00.358 INFO [main] org.apache.catalina.startup.VersionLoggerListener.log JVM Version:           1.8.0_261-b12
12-Dec-2024 14:41:00.358 INFO [main] org.apache.catalina.startup.VersionLoggerListener.log JVM Vendor:            Oracle Corporation
12-Dec-2024 14:41:00.358 INFO [main] org.apache.catalina.startup.VersionLoggerListener.log CATALINA_BASE:         C:\Users\MUJAHID\IdeaProjects\marriageRegister
12-Dec-2024 14:41:00.358 INFO [main] org.apache.catalina.startup.VersionLoggerListener.log CATALINA_HOME:         C:\Users\MUJAHID\Downloads\tomcat-1\apache-tomcat-9.0.38
12-Dec-2024 14:41:00.360 INFO [main] org.apache.catalina.startup.VersionLoggerListener.log Command line argument: -Dcatalina.home=C:\Users\MUJAHID\Downloads\tomcat-1\apache-tomcat-9.0.38
12-Dec-2024 14:41:00.360 INFO [main] org.apache.catalina.startup.VersionLoggerListener.log Command line argument: -Dcatalina.base=C:\Users\MUJAHID\IdeaProjects\marriageRegister
12-Dec-2024 14:41:00.360 INFO [main] org.apache.catalina.startup.VersionLoggerListener.log Command line argument: -Djava.io.tmpdir=C:\Users\MUJAHID\IdeaProjects\marriageRegister\temp
12-Dec-2024 14:41:00.360 INFO [main] org.apache.catalina.startup.VersionLoggerListener.log Command line argument: -Djava.util.logging.config.file=C:\Users\MUJAHID\IdeaProjects\marriageRegister\conf\logging.properties
12-Dec-2024 14:41:00.360 INFO [main] org.apache.catalina.startup.VersionLoggerListener.log Command line argument: -Djava.util.logging.manager=org.apache.juli.ClassLoaderLogManager
12-Dec-2024 14:41:00.361 INFO [main] org.apache.catalina.startup.VersionLoggerListener.log Command line argument: -javaagent:C:\Users\MUJAHID\Downloads\ideaIC-2024.1.4.win\lib\idea_rt.jar=52659:C:\Users\MUJAHID\Downloads\ideaIC-2024.1.4.win\bin
12-Dec-2024 14:41:00.361 INFO [main] org.apache.catalina.startup.VersionLoggerListener.log Command line argument: -Dfile.encoding=UTF-8
12-Dec-2024 14:41:00.365 INFO [main] org.apache.catalina.core.AprLifecycleListener.lifecycleEvent Loaded Apache Tomcat Native library [1.2.25] using APR version [1.7.0].
12-Dec-2024 14:41:00.365 INFO [main] org.apache.catalina.core.AprLifecycleListener.lifecycleEvent APR capabilities: IPv6 [true], sendfile [true], accept filters [false], random [true].
12-Dec-2024 14:41:00.365 INFO [main] org.apache.catalina.core.AprLifecycleListener.lifecycleEvent APR/OpenSSL configuration: useAprConnector [false], useOpenSSL [true]
12-Dec-2024 14:41:00.372 INFO [main] org.apache.catalina.core.AprLifecycleListener.initializeSSL OpenSSL successfully initialized [OpenSSL 1.1.1g  21 Apr 2020]
12-Dec-2024 14:41:00.859 INFO [main] org.apache.coyote.AbstractProtocol.init Initializing ProtocolHandler ["http-nio-8080"]
12-Dec-2024 14:41:01.209 INFO [main] org.apache.catalina.startup.Catalina.load Server initialization in [1218] milliseconds
12-Dec-2024 14:41:01.269 INFO [main] org.apache.catalina.core.StandardService.startInternal Starting service [Catalina]
12-Dec-2024 14:41:01.270 INFO [main] org.apache.catalina.core.StandardEngine.startInternal Starting Servlet engine: [Apache Tomcat/9.0.38]
12-Dec-2024 14:41:01.283 INFO [main] org.apache.catalina.startup.HostConfig.deployDescriptor Deploying deployment descriptor [C:\Users\MUJAHID\IdeaProjects\marriageRegister\conf\Catalina\localhost\marriageRegister.xml]
12-Dec-2024 14:41:04.962 INFO [main] org.apache.jasper.servlet.TldScanner.scanJars At least one JAR was scanned for TLDs yet contained no TLDs. Enable debug logging for this logger for a complete list of JARs that were scanned but no TLDs were found in them. Skipping unneeded JARs during scanning can improve startup time and JSP compilation time.
12-Dec-2024 14:41:05.229 INFO [main] org.springframework.web.servlet.FrameworkServlet.initServletBean Initializing Servlet 'dispatcher'
12-Dec-2024 14:41:07.225 INFO [main] org.springframework.web.servlet.FrameworkServlet.initServletBean Completed initialization in 1996 ms
12-Dec-2024 14:41:07.241 INFO [main] org.apache.catalina.startup.HostConfig.deployDescriptor Deployment of deployment descriptor [C:\Users\MUJAHID\IdeaProjects\marriageRegister\conf\Catalina\localhost\marriageRegister.xml] has finished in [5,958] ms
12-Dec-2024 14:41:07.242 INFO [main] org.apache.catalina.startup.HostConfig.deployDescriptor Deploying deployment descriptor [C:\Users\MUJAHID\IdeaProjects\marriageRegister\conf\Catalina\localhost\Spring1.xml]
12-Dec-2024 14:41:08.603 INFO [main] org.apache.jasper.servlet.TldScanner.scanJars At least one JAR was scanned for TLDs yet contained no TLDs. Enable debug logging for this logger for a complete list of JARs that were scanned but no TLDs were found in them. Skipping unneeded JARs during scanning can improve startup time and JSP compilation time.
12-Dec-2024 14:41:08.890 INFO [main] org.springframework.web.servlet.FrameworkServlet.initServletBean Initializing Servlet 'dispatcher'
12-Dec-2024 14:41:09.643 INFO [main] org.springframework.web.servlet.FrameworkServlet.initServletBean Completed initialization in 753 ms
12-Dec-2024 14:41:09.645 INFO [main] org.apache.catalina.startup.HostConfig.deployDescriptor Deployment of deployment descriptor [C:\Users\MUJAHID\IdeaProjects\marriageRegister\conf\Catalina\localhost\Spring1.xml] has finished in [2,403] ms
12-Dec-2024 14:41:09.648 INFO [main] org.apache.coyote.AbstractProtocol.start Starting ProtocolHandler ["http-nio-8080"]
12-Dec-2024 14:41:09.658 INFO [main] org.apache.catalina.startup.Catalina.start Server startup in [8448] milliseconds
12-Dec-2024 14:41:48.102 INFO [Thread-4] org.apache.coyote.AbstractProtocol.pause Pausing ProtocolHandler ["http-nio-8080"]
12-Dec-2024 14:41:48.298 INFO [Thread-4] org.apache.catalina.core.StandardService.stopInternal Stopping service [Catalina]
12-Dec-2024 14:41:48.330 INFO [Thread-4] org.apache.coyote.AbstractProtocol.stop Stopping ProtocolHandler ["http-nio-8080"]
12-Dec-2024 14:41:48.357 INFO [Thread-4] org.apache.coyote.AbstractProtocol.destroy Destroying ProtocolHandler ["http-nio-8080"]
12-Dec-2024 14:58:32.516 INFO [main] org.apache.catalina.startup.VersionLoggerListener.log Server version name:   Apache Tomcat/9.0.38
12-Dec-2024 14:58:32.520 INFO [main] org.apache.catalina.startup.VersionLoggerListener.log Server built:          Sep 10 2020 08:20:30 UTC
12-Dec-2024 14:58:32.520 INFO [main] org.apache.catalina.startup.VersionLoggerListener.log Server version number: 9.0.38.0
12-Dec-2024 14:58:32.521 INFO [main] org.apache.catalina.startup.VersionLoggerListener.log OS Name:               Windows 10
12-Dec-2024 14:58:32.521 INFO [main] org.apache.catalina.startup.VersionLoggerListener.log OS Version:            10.0
12-Dec-2024 14:58:32.521 INFO [main] org.apache.catalina.startup.VersionLoggerListener.log Architecture:          amd64
12-Dec-2024 14:58:32.521 INFO [main] org.apache.catalina.startup.VersionLoggerListener.log Java Home:             C:\Program Files\Java\jdk1.8.0_261\jre
12-Dec-2024 14:58:32.521 INFO [main] org.apache.catalina.startup.VersionLoggerListener.log JVM Version:           1.8.0_261-b12
12-Dec-2024 14:58:32.521 INFO [main] org.apache.catalina.startup.VersionLoggerListener.log JVM Vendor:            Oracle Corporation
12-Dec-2024 14:58:32.521 INFO [main] org.apache.catalina.startup.VersionLoggerListener.log CATALINA_BASE:         C:\Users\MUJAHID\IdeaProjects\marriageRegister
12-Dec-2024 14:58:32.521 INFO [main] org.apache.catalina.startup.VersionLoggerListener.log CATALINA_HOME:         C:\Users\MUJAHID\Downloads\tomcat-1\apache-tomcat-9.0.38
12-Dec-2024 14:58:32.523 INFO [main] org.apache.catalina.startup.VersionLoggerListener.log Command line argument: -Dcatalina.home=C:\Users\MUJAHID\Downloads\tomcat-1\apache-tomcat-9.0.38
12-Dec-2024 14:58:32.524 INFO [main] org.apache.catalina.startup.VersionLoggerListener.log Command line argument: -Dcatalina.base=C:\Users\MUJAHID\IdeaProjects\marriageRegister
12-Dec-2024 14:58:32.524 INFO [main] org.apache.catalina.startup.VersionLoggerListener.log Command line argument: -Djava.io.tmpdir=C:\Users\MUJAHID\IdeaProjects\marriageRegister\temp
12-Dec-2024 14:58:32.524 INFO [main] org.apache.catalina.startup.VersionLoggerListener.log Command line argument: -Djava.util.logging.config.file=C:\Users\MUJAHID\IdeaProjects\marriageRegister\conf\logging.properties
12-Dec-2024 14:58:32.524 INFO [main] org.apache.catalina.startup.VersionLoggerListener.log Command line argument: -Djava.util.logging.manager=org.apache.juli.ClassLoaderLogManager
12-Dec-2024 14:58:32.524 INFO [main] org.apache.catalina.startup.VersionLoggerListener.log Command line argument: -javaagent:C:\Users\MUJAHID\Downloads\ideaIC-2024.1.4.win\lib\idea_rt.jar=52846:C:\Users\MUJAHID\Downloads\ideaIC-2024.1.4.win\bin
12-Dec-2024 14:58:32.524 INFO [main] org.apache.catalina.startup.VersionLoggerListener.log Command line argument: -Dfile.encoding=UTF-8
12-Dec-2024 14:58:32.532 INFO [main] org.apache.catalina.core.AprLifecycleListener.lifecycleEvent Loaded Apache Tomcat Native library [1.2.25] using APR version [1.7.0].
12-Dec-2024 14:58:32.532 INFO [main] org.apache.catalina.core.AprLifecycleListener.lifecycleEvent APR capabilities: IPv6 [true], sendfile [true], accept filters [false], random [true].
12-Dec-2024 14:58:32.532 INFO [main] org.apache.catalina.core.AprLifecycleListener.lifecycleEvent APR/OpenSSL configuration: useAprConnector [false], useOpenSSL [true]
12-Dec-2024 14:58:32.548 INFO [main] org.apache.catalina.core.AprLifecycleListener.initializeSSL OpenSSL successfully initialized [OpenSSL 1.1.1g  21 Apr 2020]
12-Dec-2024 14:58:33.262 INFO [main] org.apache.coyote.AbstractProtocol.init Initializing ProtocolHandler ["http-nio-8080"]
12-Dec-2024 14:58:33.639 INFO [main] org.apache.catalina.startup.Catalina.load Server initialization in [1445] milliseconds
12-Dec-2024 14:58:33.678 INFO [main] org.apache.catalina.core.StandardService.startInternal Starting service [Catalina]
12-Dec-2024 14:58:33.679 INFO [main] org.apache.catalina.core.StandardEngine.startInternal Starting Servlet engine: [Apache Tomcat/9.0.38]
12-Dec-2024 14:58:33.694 INFO [main] org.apache.catalina.startup.HostConfig.deployDescriptor Deploying deployment descriptor [C:\Users\MUJAHID\IdeaProjects\marriageRegister\conf\Catalina\localhost\marriageRegister.xml]
12-Dec-2024 14:58:38.228 INFO [main] org.apache.jasper.servlet.TldScanner.scanJars At least one JAR was scanned for TLDs yet contained no TLDs. Enable debug logging for this logger for a complete list of JARs that were scanned but no TLDs were found in them. Skipping unneeded JARs during scanning can improve startup time and JSP compilation time.
12-Dec-2024 14:58:38.461 INFO [main] org.springframework.web.servlet.FrameworkServlet.initServletBean Initializing Servlet 'dispatcher'
12-Dec-2024 14:58:40.086 INFO [main] org.springframework.web.servlet.FrameworkServlet.initServletBean Completed initialization in 1624 ms
12-Dec-2024 14:58:40.107 INFO [main] org.apache.catalina.startup.HostConfig.deployDescriptor Deployment of deployment descriptor [C:\Users\MUJAHID\IdeaProjects\marriageRegister\conf\Catalina\localhost\marriageRegister.xml] has finished in [6,412] ms
12-Dec-2024 14:58:40.108 INFO [main] org.apache.catalina.startup.HostConfig.deployDescriptor Deploying deployment descriptor [C:\Users\MUJAHID\IdeaProjects\marriageRegister\conf\Catalina\localhost\Spring1.xml]
12-Dec-2024 14:58:41.320 INFO [main] org.apache.jasper.servlet.TldScanner.scanJars At least one JAR was scanned for TLDs yet contained no TLDs. Enable debug logging for this logger for a complete list of JARs that were scanned but no TLDs were found in them. Skipping unneeded JARs during scanning can improve startup time and JSP compilation time.
12-Dec-2024 14:58:41.481 INFO [main] org.springframework.web.servlet.FrameworkServlet.initServletBean Initializing Servlet 'dispatcher'
12-Dec-2024 14:58:42.457 INFO [main] org.springframework.web.servlet.FrameworkServlet.initServletBean Completed initialization in 976 ms
12-Dec-2024 14:58:42.460 INFO [main] org.apache.catalina.startup.HostConfig.deployDescriptor Deployment of deployment descriptor [C:\Users\MUJAHID\IdeaProjects\marriageRegister\conf\Catalina\localhost\Spring1.xml] has finished in [2,351] ms
12-Dec-2024 14:58:42.464 INFO [main] org.apache.coyote.AbstractProtocol.start Starting ProtocolHandler ["http-nio-8080"]
12-Dec-2024 14:58:42.474 INFO [main] org.apache.catalina.startup.Catalina.start Server startup in [8835] milliseconds
12-Dec-2024 14:59:02.627 INFO [http-nio-8080-exec-5] org.hibernate.jpa.internal.util.LogHelper.logPersistenceUnitInformation HHH000204: Processing PersistenceUnitInfo [
	name: newLife
	...]
12-Dec-2024 14:59:02.981 INFO [http-nio-8080-exec-5] org.hibernate.Version.logVersion HHH000412: Hibernate Core {5.3.36.Final}
12-Dec-2024 14:59:02.984 INFO [http-nio-8080-exec-5] org.hibernate.cfg.Environment.<clinit> HHH000206: hibernate.properties not found
12-Dec-2024 14:59:03.576 INFO [http-nio-8080-exec-5] org.hibernate.annotations.common.reflection.java.JavaReflectionManager.<clinit> HCANN000001: Hibernate Commons Annotations {5.0.5.Final}
12-Dec-2024 14:59:04.135 WARN [http-nio-8080-exec-5] org.hibernate.engine.jdbc.connections.internal.DriverManagerConnectionProviderImpl.configure HHH10001002: Using Hibernate built-in connection pool (not for production use!)
12-Dec-2024 14:59:04.152 INFO [http-nio-8080-exec-5] org.hibernate.engine.jdbc.connections.internal.DriverManagerConnectionProviderImpl.buildCreator HHH10001005: using driver [com.mysql.cj.jdbc.Driver] at URL [jdbc:mysql://localhost:3306/marriagedb]
12-Dec-2024 14:59:04.152 INFO [http-nio-8080-exec-5] org.hibernate.engine.jdbc.connections.internal.DriverManagerConnectionProviderImpl.buildCreator HHH10001001: Connection properties: {user=root, password=****}
12-Dec-2024 14:59:04.152 INFO [http-nio-8080-exec-5] org.hibernate.engine.jdbc.connections.internal.DriverManagerConnectionProviderImpl.buildCreator HHH10001003: Autocommit mode: false
12-Dec-2024 14:59:04.160 INFO [http-nio-8080-exec-5] org.hibernate.engine.jdbc.connections.internal.DriverManagerConnectionProviderImpl$PooledConnections.<init> HHH000115: Hibernate connection pool size: 20 (min=1)
12-Dec-2024 14:59:05.477 INFO [http-nio-8080-exec-5] org.hibernate.dialect.Dialect.<init> HHH000400: Using dialect: org.hibernate.dialect.MySQL8Dialect
12-Dec-2024 14:59:08.681 INFO [http-nio-8080-exec-5] org.hibernate.engine.jdbc.connections.internal.DriverManagerConnectionProviderImpl.stop HHH10001008: Cleaning up connection pool [jdbc:mysql://localhost:3306/marriagedb]
12-Dec-2024 15:01:32.987 INFO [Thread-4] org.apache.coyote.AbstractProtocol.pause Pausing ProtocolHandler ["http-nio-8080"]
12-Dec-2024 15:01:33.175 INFO [Thread-4] org.apache.catalina.core.StandardService.stopInternal Stopping service [Catalina]
12-Dec-2024 15:01:33.215 WARNING [Thread-4] org.apache.catalina.loader.WebappClassLoaderBase.clearReferencesJdbc The web application [marriageRegister] registered the JDBC driver [com.mysql.cj.jdbc.Driver] but failed to unregister it when the web application was stopped. To prevent a memory leak, the JDBC Driver has been forcibly unregistered.
12-Dec-2024 15:01:33.216 WARNING [Thread-4] org.apache.catalina.loader.WebappClassLoaderBase.clearReferencesThreads The web application [marriageRegister] appears to have started a thread named [mysql-cj-abandoned-connection-cleanup] but has failed to stop it. This is very likely to create a memory leak. Stack trace of thread:
 java.lang.Object.wait(Native Method)
 java.lang.ref.ReferenceQueue.remove(ReferenceQueue.java:144)
 com.mysql.cj.jdbc.AbandonedConnectionCleanupThread.run(AbandonedConnectionCleanupThread.java:93)
 java.util.concurrent.ThreadPoolExecutor.runWorker(ThreadPoolExecutor.java:1149)
 java.util.concurrent.ThreadPoolExecutor$Worker.run(ThreadPoolExecutor.java:624)
 java.lang.Thread.run(Thread.java:748)
12-Dec-2024 15:01:33.218 INFO [Thread-4] org.apache.coyote.AbstractProtocol.stop Stopping ProtocolHandler ["http-nio-8080"]
12-Dec-2024 15:01:33.238 INFO [Thread-4] org.apache.coyote.AbstractProtocol.destroy Destroying ProtocolHandler ["http-nio-8080"]
12-Dec-2024 15:01:42.075 INFO [main] org.apache.catalina.startup.VersionLoggerListener.log Server version name:   Apache Tomcat/9.0.38
12-Dec-2024 15:01:42.078 INFO [main] org.apache.catalina.startup.VersionLoggerListener.log Server built:          Sep 10 2020 08:20:30 UTC
12-Dec-2024 15:01:42.078 INFO [main] org.apache.catalina.startup.VersionLoggerListener.log Server version number: 9.0.38.0
12-Dec-2024 15:01:42.078 INFO [main] org.apache.catalina.startup.VersionLoggerListener.log OS Name:               Windows 10
12-Dec-2024 15:01:42.078 INFO [main] org.apache.catalina.startup.VersionLoggerListener.log OS Version:            10.0
12-Dec-2024 15:01:42.078 INFO [main] org.apache.catalina.startup.VersionLoggerListener.log Architecture:          amd64
12-Dec-2024 15:01:42.078 INFO [main] org.apache.catalina.startup.VersionLoggerListener.log Java Home:             C:\Program Files\Java\jdk1.8.0_261\jre
12-Dec-2024 15:01:42.078 INFO [main] org.apache.catalina.startup.VersionLoggerListener.log JVM Version:           1.8.0_261-b12
12-Dec-2024 15:01:42.078 INFO [main] org.apache.catalina.startup.VersionLoggerListener.log JVM Vendor:            Oracle Corporation
12-Dec-2024 15:01:42.078 INFO [main] org.apache.catalina.startup.VersionLoggerListener.log CATALINA_BASE:         C:\Users\MUJAHID\IdeaProjects\marriageRegister
12-Dec-2024 15:01:42.078 INFO [main] org.apache.catalina.startup.VersionLoggerListener.log CATALINA_HOME:         C:\Users\MUJAHID\Downloads\tomcat-1\apache-tomcat-9.0.38
12-Dec-2024 15:01:42.081 INFO [main] org.apache.catalina.startup.VersionLoggerListener.log Command line argument: -Dcatalina.home=C:\Users\MUJAHID\Downloads\tomcat-1\apache-tomcat-9.0.38
12-Dec-2024 15:01:42.081 INFO [main] org.apache.catalina.startup.VersionLoggerListener.log Command line argument: -Dcatalina.base=C:\Users\MUJAHID\IdeaProjects\marriageRegister
12-Dec-2024 15:01:42.081 INFO [main] org.apache.catalina.startup.VersionLoggerListener.log Command line argument: -Djava.io.tmpdir=C:\Users\MUJAHID\IdeaProjects\marriageRegister\temp
12-Dec-2024 15:01:42.081 INFO [main] org.apache.catalina.startup.VersionLoggerListener.log Command line argument: -Djava.util.logging.config.file=C:\Users\MUJAHID\IdeaProjects\marriageRegister\conf\logging.properties
12-Dec-2024 15:01:42.081 INFO [main] org.apache.catalina.startup.VersionLoggerListener.log Command line argument: -Djava.util.logging.manager=org.apache.juli.ClassLoaderLogManager
12-Dec-2024 15:01:42.081 INFO [main] org.apache.catalina.startup.VersionLoggerListener.log Command line argument: -javaagent:C:\Users\MUJAHID\Downloads\ideaIC-2024.1.4.win\lib\idea_rt.jar=52898:C:\Users\MUJAHID\Downloads\ideaIC-2024.1.4.win\bin
12-Dec-2024 15:01:42.081 INFO [main] org.apache.catalina.startup.VersionLoggerListener.log Command line argument: -Dfile.encoding=UTF-8
12-Dec-2024 15:01:42.089 INFO [main] org.apache.catalina.core.AprLifecycleListener.lifecycleEvent Loaded Apache Tomcat Native library [1.2.25] using APR version [1.7.0].
12-Dec-2024 15:01:42.089 INFO [main] org.apache.catalina.core.AprLifecycleListener.lifecycleEvent APR capabilities: IPv6 [true], sendfile [true], accept filters [false], random [true].
12-Dec-2024 15:01:42.089 INFO [main] org.apache.catalina.core.AprLifecycleListener.lifecycleEvent APR/OpenSSL configuration: useAprConnector [false], useOpenSSL [true]
12-Dec-2024 15:01:42.101 INFO [main] org.apache.catalina.core.AprLifecycleListener.initializeSSL OpenSSL successfully initialized [OpenSSL 1.1.1g  21 Apr 2020]
12-Dec-2024 15:01:42.647 INFO [main] org.apache.coyote.AbstractProtocol.init Initializing ProtocolHandler ["http-nio-8080"]
12-Dec-2024 15:01:43.008 INFO [main] org.apache.catalina.startup.Catalina.load Server initialization in [1276] milliseconds
12-Dec-2024 15:01:43.044 INFO [main] org.apache.catalina.core.StandardService.startInternal Starting service [Catalina]
12-Dec-2024 15:01:43.044 INFO [main] org.apache.catalina.core.StandardEngine.startInternal Starting Servlet engine: [Apache Tomcat/9.0.38]
12-Dec-2024 15:01:43.059 INFO [main] org.apache.catalina.startup.HostConfig.deployDescriptor Deploying deployment descriptor [C:\Users\MUJAHID\IdeaProjects\marriageRegister\conf\Catalina\localhost\marriageRegister.xml]
12-Dec-2024 15:01:46.713 INFO [main] org.apache.jasper.servlet.TldScanner.scanJars At least one JAR was scanned for TLDs yet contained no TLDs. Enable debug logging for this logger for a complete list of JARs that were scanned but no TLDs were found in them. Skipping unneeded JARs during scanning can improve startup time and JSP compilation time.
12-Dec-2024 15:01:46.981 INFO [main] org.springframework.web.servlet.FrameworkServlet.initServletBean Initializing Servlet 'dispatcher'
12-Dec-2024 15:01:48.541 INFO [main] org.springframework.web.servlet.FrameworkServlet.initServletBean Completed initialization in 1560 ms
12-Dec-2024 15:01:48.558 INFO [main] org.apache.catalina.startup.HostConfig.deployDescriptor Deployment of deployment descriptor [C:\Users\MUJAHID\IdeaProjects\marriageRegister\conf\Catalina\localhost\marriageRegister.xml] has finished in [5,499] ms
12-Dec-2024 15:01:48.558 INFO [main] org.apache.catalina.startup.HostConfig.deployDescriptor Deploying deployment descriptor [C:\Users\MUJAHID\IdeaProjects\marriageRegister\conf\Catalina\localhost\Spring1.xml]
12-Dec-2024 15:01:49.993 INFO [main] org.apache.jasper.servlet.TldScanner.scanJars At least one JAR was scanned for TLDs yet contained no TLDs. Enable debug logging for this logger for a complete list of JARs that were scanned but no TLDs were found in them. Skipping unneeded JARs during scanning can improve startup time and JSP compilation time.
12-Dec-2024 15:01:50.145 INFO [main] org.springframework.web.servlet.FrameworkServlet.initServletBean Initializing Servlet 'dispatcher'
12-Dec-2024 15:01:50.866 INFO [main] org.springframework.web.servlet.FrameworkServlet.initServletBean Completed initialization in 720 ms
12-Dec-2024 15:01:50.868 INFO [main] org.apache.catalina.startup.HostConfig.deployDescriptor Deployment of deployment descriptor [C:\Users\MUJAHID\IdeaProjects\marriageRegister\conf\Catalina\localhost\Spring1.xml] has finished in [2,310] ms
12-Dec-2024 15:01:50.874 INFO [main] org.apache.coyote.AbstractProtocol.start Starting ProtocolHandler ["http-nio-8080"]
12-Dec-2024 15:01:50.882 INFO [main] org.apache.catalina.startup.Catalina.start Server startup in [7873] milliseconds
12-Dec-2024 15:02:04.628 INFO [http-nio-8080-exec-4] org.hibernate.jpa.internal.util.LogHelper.logPersistenceUnitInformation HHH000204: Processing PersistenceUnitInfo [
	name: newLife
	...]
12-Dec-2024 15:02:04.961 INFO [http-nio-8080-exec-4] org.hibernate.Version.logVersion HHH000412: Hibernate Core {5.3.36.Final}
12-Dec-2024 15:02:04.966 INFO [http-nio-8080-exec-4] org.hibernate.cfg.Environment.<clinit> HHH000206: hibernate.properties not found
12-Dec-2024 15:02:05.608 INFO [http-nio-8080-exec-4] org.hibernate.annotations.common.reflection.java.JavaReflectionManager.<clinit> HCANN000001: Hibernate Commons Annotations {5.0.5.Final}
12-Dec-2024 15:02:06.187 WARN [http-nio-8080-exec-4] org.hibernate.engine.jdbc.connections.internal.DriverManagerConnectionProviderImpl.configure HHH10001002: Using Hibernate built-in connection pool (not for production use!)
12-Dec-2024 15:02:06.197 INFO [http-nio-8080-exec-4] org.hibernate.engine.jdbc.connections.internal.DriverManagerConnectionProviderImpl.buildCreator HHH10001005: using driver [com.mysql.cj.jdbc.Driver] at URL [jdbc:mysql://localhost:3306/marriagedb]
12-Dec-2024 15:02:06.198 INFO [http-nio-8080-exec-4] org.hibernate.engine.jdbc.connections.internal.DriverManagerConnectionProviderImpl.buildCreator HHH10001001: Connection properties: {user=root, password=****}
12-Dec-2024 15:02:06.198 INFO [http-nio-8080-exec-4] org.hibernate.engine.jdbc.connections.internal.DriverManagerConnectionProviderImpl.buildCreator HHH10001003: Autocommit mode: false
12-Dec-2024 15:02:06.205 INFO [http-nio-8080-exec-4] org.hibernate.engine.jdbc.connections.internal.DriverManagerConnectionProviderImpl$PooledConnections.<init> HHH000115: Hibernate connection pool size: 20 (min=1)
12-Dec-2024 15:02:07.287 INFO [http-nio-8080-exec-4] org.hibernate.dialect.Dialect.<init> HHH000400: Using dialect: org.hibernate.dialect.MySQL8Dialect
12-Dec-2024 15:02:10.076 INFO [http-nio-8080-exec-4] org.hibernate.engine.jdbc.connections.internal.DriverManagerConnectionProviderImpl.stop HHH10001008: Cleaning up connection pool [jdbc:mysql://localhost:3306/marriagedb]
12-Dec-2024 15:03:27.579 INFO [http-nio-8080-exec-7] org.hibernate.jpa.internal.util.LogHelper.logPersistenceUnitInformation HHH000204: Processing PersistenceUnitInfo [
	name: newLife
	...]
12-Dec-2024 15:03:27.603 WARN [http-nio-8080-exec-7] org.hibernate.engine.jdbc.connections.internal.DriverManagerConnectionProviderImpl.configure HHH10001002: Using Hibernate built-in connection pool (not for production use!)
12-Dec-2024 15:03:27.604 INFO [http-nio-8080-exec-7] org.hibernate.engine.jdbc.connections.internal.DriverManagerConnectionProviderImpl.buildCreator HHH10001005: using driver [com.mysql.cj.jdbc.Driver] at URL [jdbc:mysql://localhost:3306/marriagedb]
12-Dec-2024 15:03:27.604 INFO [http-nio-8080-exec-7] org.hibernate.engine.jdbc.connections.internal.DriverManagerConnectionProviderImpl.buildCreator HHH10001001: Connection properties: {user=root, password=****}
12-Dec-2024 15:03:27.605 INFO [http-nio-8080-exec-7] org.hibernate.engine.jdbc.connections.internal.DriverManagerConnectionProviderImpl.buildCreator HHH10001003: Autocommit mode: false
12-Dec-2024 15:03:27.605 INFO [http-nio-8080-exec-7] org.hibernate.engine.jdbc.connections.internal.DriverManagerConnectionProviderImpl$PooledConnections.<init> HHH000115: Hibernate connection pool size: 20 (min=1)
12-Dec-2024 15:03:27.664 INFO [http-nio-8080-exec-7] org.hibernate.dialect.Dialect.<init> HHH000400: Using dialect: org.hibernate.dialect.MySQL8Dialect
12-Dec-2024 15:03:27.729 INFO [http-nio-8080-exec-7] org.hibernate.engine.jdbc.connections.internal.DriverManagerConnectionProviderImpl.stop HHH10001008: Cleaning up connection pool [jdbc:mysql://localhost:3306/marriagedb]
12-Dec-2024 15:05:06.329 INFO [Thread-4] org.apache.coyote.AbstractProtocol.pause Pausing ProtocolHandler ["http-nio-8080"]
12-Dec-2024 15:05:06.490 INFO [Thread-4] org.apache.catalina.core.StandardService.stopInternal Stopping service [Catalina]
12-Dec-2024 15:05:06.530 WARNING [Thread-4] org.apache.catalina.loader.WebappClassLoaderBase.clearReferencesJdbc The web application [marriageRegister] registered the JDBC driver [com.mysql.cj.jdbc.Driver] but failed to unregister it when the web application was stopped. To prevent a memory leak, the JDBC Driver has been forcibly unregistered.
12-Dec-2024 15:05:06.530 WARNING [Thread-4] org.apache.catalina.loader.WebappClassLoaderBase.clearReferencesThreads The web application [marriageRegister] appears to have started a thread named [mysql-cj-abandoned-connection-cleanup] but has failed to stop it. This is very likely to create a memory leak. Stack trace of thread:
 java.lang.Object.wait(Native Method)
 java.lang.ref.ReferenceQueue.remove(ReferenceQueue.java:144)
 com.mysql.cj.jdbc.AbandonedConnectionCleanupThread.run(AbandonedConnectionCleanupThread.java:93)
 java.util.concurrent.ThreadPoolExecutor.runWorker(ThreadPoolExecutor.java:1149)
 java.util.concurrent.ThreadPoolExecutor$Worker.run(ThreadPoolExecutor.java:624)
 java.lang.Thread.run(Thread.java:748)
12-Dec-2024 15:05:06.534 INFO [Thread-4] org.apache.coyote.AbstractProtocol.stop Stopping ProtocolHandler ["http-nio-8080"]
12-Dec-2024 15:05:06.537 INFO [Thread-4] org.apache.coyote.AbstractProtocol.destroy Destroying ProtocolHandler ["http-nio-8080"]
12-Dec-2024 15:05:17.978 INFO [main] org.apache.catalina.startup.VersionLoggerListener.log Server version name:   Apache Tomcat/9.0.38
12-Dec-2024 15:05:17.982 INFO [main] org.apache.catalina.startup.VersionLoggerListener.log Server built:          Sep 10 2020 08:20:30 UTC
12-Dec-2024 15:05:17.982 INFO [main] org.apache.catalina.startup.VersionLoggerListener.log Server version number: 9.0.38.0
12-Dec-2024 15:05:17.982 INFO [main] org.apache.catalina.startup.VersionLoggerListener.log OS Name:               Windows 10
12-Dec-2024 15:05:17.982 INFO [main] org.apache.catalina.startup.VersionLoggerListener.log OS Version:            10.0
12-Dec-2024 15:05:17.983 INFO [main] org.apache.catalina.startup.VersionLoggerListener.log Architecture:          amd64
12-Dec-2024 15:05:17.983 INFO [main] org.apache.catalina.startup.VersionLoggerListener.log Java Home:             C:\Program Files\Java\jdk1.8.0_261\jre
12-Dec-2024 15:05:17.983 INFO [main] org.apache.catalina.startup.VersionLoggerListener.log JVM Version:           1.8.0_261-b12
12-Dec-2024 15:05:17.983 INFO [main] org.apache.catalina.startup.VersionLoggerListener.log JVM Vendor:            Oracle Corporation
12-Dec-2024 15:05:17.983 INFO [main] org.apache.catalina.startup.VersionLoggerListener.log CATALINA_BASE:         C:\Users\MUJAHID\IdeaProjects\marriageRegister
12-Dec-2024 15:05:17.983 INFO [main] org.apache.catalina.startup.VersionLoggerListener.log CATALINA_HOME:         C:\Users\MUJAHID\Downloads\tomcat-1\apache-tomcat-9.0.38
12-Dec-2024 15:05:17.985 INFO [main] org.apache.catalina.startup.VersionLoggerListener.log Command line argument: -Dcatalina.home=C:\Users\MUJAHID\Downloads\tomcat-1\apache-tomcat-9.0.38
12-Dec-2024 15:05:17.985 INFO [main] org.apache.catalina.startup.VersionLoggerListener.log Command line argument: -Dcatalina.base=C:\Users\MUJAHID\IdeaProjects\marriageRegister
12-Dec-2024 15:05:17.985 INFO [main] org.apache.catalina.startup.VersionLoggerListener.log Command line argument: -Djava.io.tmpdir=C:\Users\MUJAHID\IdeaProjects\marriageRegister\temp
12-Dec-2024 15:05:17.985 INFO [main] org.apache.catalina.startup.VersionLoggerListener.log Command line argument: -Djava.util.logging.config.file=C:\Users\MUJAHID\IdeaProjects\marriageRegister\conf\logging.properties
12-Dec-2024 15:05:17.986 INFO [main] org.apache.catalina.startup.VersionLoggerListener.log Command line argument: -Djava.util.logging.manager=org.apache.juli.ClassLoaderLogManager
12-Dec-2024 15:05:17.986 INFO [main] org.apache.catalina.startup.VersionLoggerListener.log Command line argument: -javaagent:C:\Users\MUJAHID\Downloads\ideaIC-2024.1.4.win\lib\idea_rt.jar=52937:C:\Users\MUJAHID\Downloads\ideaIC-2024.1.4.win\bin
12-Dec-2024 15:05:17.986 INFO [main] org.apache.catalina.startup.VersionLoggerListener.log Command line argument: -Dfile.encoding=UTF-8
12-Dec-2024 15:05:17.990 INFO [main] org.apache.catalina.core.AprLifecycleListener.lifecycleEvent Loaded Apache Tomcat Native library [1.2.25] using APR version [1.7.0].
12-Dec-2024 15:05:17.990 INFO [main] org.apache.catalina.core.AprLifecycleListener.lifecycleEvent APR capabilities: IPv6 [true], sendfile [true], accept filters [false], random [true].
12-Dec-2024 15:05:17.990 INFO [main] org.apache.catalina.core.AprLifecycleListener.lifecycleEvent APR/OpenSSL configuration: useAprConnector [false], useOpenSSL [true]
12-Dec-2024 15:05:17.997 INFO [main] org.apache.catalina.core.AprLifecycleListener.initializeSSL OpenSSL successfully initialized [OpenSSL 1.1.1g  21 Apr 2020]
12-Dec-2024 15:05:18.513 INFO [main] org.apache.coyote.AbstractProtocol.init Initializing ProtocolHandler ["http-nio-8080"]
12-Dec-2024 15:05:18.868 INFO [main] org.apache.catalina.startup.Catalina.load Server initialization in [1213] milliseconds
12-Dec-2024 15:05:18.905 INFO [main] org.apache.catalina.core.StandardService.startInternal Starting service [Catalina]
12-Dec-2024 15:05:18.905 INFO [main] org.apache.catalina.core.StandardEngine.startInternal Starting Servlet engine: [Apache Tomcat/9.0.38]
12-Dec-2024 15:05:18.920 INFO [main] org.apache.catalina.startup.HostConfig.deployDescriptor Deploying deployment descriptor [C:\Users\MUJAHID\IdeaProjects\marriageRegister\conf\Catalina\localhost\marriageRegister.xml]
12-Dec-2024 15:05:22.489 INFO [main] org.apache.jasper.servlet.TldScanner.scanJars At least one JAR was scanned for TLDs yet contained no TLDs. Enable debug logging for this logger for a complete list of JARs that were scanned but no TLDs were found in them. Skipping unneeded JARs during scanning can improve startup time and JSP compilation time.
12-Dec-2024 15:05:22.871 INFO [main] org.springframework.web.servlet.FrameworkServlet.initServletBean Initializing Servlet 'dispatcher'
12-Dec-2024 15:05:24.420 INFO [main] org.springframework.web.servlet.FrameworkServlet.initServletBean Completed initialization in 1549 ms
12-Dec-2024 15:05:24.435 INFO [main] org.apache.catalina.startup.HostConfig.deployDescriptor Deployment of deployment descriptor [C:\Users\MUJAHID\IdeaProjects\marriageRegister\conf\Catalina\localhost\marriageRegister.xml] has finished in [5,514] ms
12-Dec-2024 15:05:24.436 INFO [main] org.apache.catalina.startup.HostConfig.deployDescriptor Deploying deployment descriptor [C:\Users\MUJAHID\IdeaProjects\marriageRegister\conf\Catalina\localhost\Spring1.xml]
12-Dec-2024 15:05:25.731 INFO [main] org.apache.jasper.servlet.TldScanner.scanJars At least one JAR was scanned for TLDs yet contained no TLDs. Enable debug logging for this logger for a complete list of JARs that were scanned but no TLDs were found in them. Skipping unneeded JARs during scanning can improve startup time and JSP compilation time.
12-Dec-2024 15:05:25.915 INFO [main] org.springframework.web.servlet.FrameworkServlet.initServletBean Initializing Servlet 'dispatcher'
12-Dec-2024 15:05:26.690 INFO [main] org.springframework.web.servlet.FrameworkServlet.initServletBean Completed initialization in 774 ms
12-Dec-2024 15:05:26.692 INFO [main] org.apache.catalina.startup.HostConfig.deployDescriptor Deployment of deployment descriptor [C:\Users\MUJAHID\IdeaProjects\marriageRegister\conf\Catalina\localhost\Spring1.xml] has finished in [2,256] ms
12-Dec-2024 15:05:26.695 INFO [main] org.apache.coyote.AbstractProtocol.start Starting ProtocolHandler ["http-nio-8080"]
12-Dec-2024 15:05:26.703 INFO [main] org.apache.catalina.startup.Catalina.start Server startup in [7834] milliseconds
12-Dec-2024 15:05:46.120 INFO [http-nio-8080-exec-5] org.hibernate.jpa.internal.util.LogHelper.logPersistenceUnitInformation HHH000204: Processing PersistenceUnitInfo [
	name: newLife
	...]
12-Dec-2024 15:05:46.402 INFO [http-nio-8080-exec-5] org.hibernate.Version.logVersion HHH000412: Hibernate Core {5.3.36.Final}
12-Dec-2024 15:05:46.405 INFO [http-nio-8080-exec-5] org.hibernate.cfg.Environment.<clinit> HHH000206: hibernate.properties not found
12-Dec-2024 15:05:47.057 INFO [http-nio-8080-exec-5] org.hibernate.annotations.common.reflection.java.JavaReflectionManager.<clinit> HCANN000001: Hibernate Commons Annotations {5.0.5.Final}
12-Dec-2024 15:05:47.614 WARN [http-nio-8080-exec-5] org.hibernate.engine.jdbc.connections.internal.DriverManagerConnectionProviderImpl.configure HHH10001002: Using Hibernate built-in connection pool (not for production use!)
12-Dec-2024 15:05:47.628 INFO [http-nio-8080-exec-5] org.hibernate.engine.jdbc.connections.internal.DriverManagerConnectionProviderImpl.buildCreator HHH10001005: using driver [com.mysql.cj.jdbc.Driver] at URL [jdbc:mysql://localhost:3306/marriagedb]
12-Dec-2024 15:05:47.628 INFO [http-nio-8080-exec-5] org.hibernate.engine.jdbc.connections.internal.DriverManagerConnectionProviderImpl.buildCreator HHH10001001: Connection properties: {user=root, password=****}
12-Dec-2024 15:05:47.630 INFO [http-nio-8080-exec-5] org.hibernate.engine.jdbc.connections.internal.DriverManagerConnectionProviderImpl.buildCreator HHH10001003: Autocommit mode: false
12-Dec-2024 15:05:47.638 INFO [http-nio-8080-exec-5] org.hibernate.engine.jdbc.connections.internal.DriverManagerConnectionProviderImpl$PooledConnections.<init> HHH000115: Hibernate connection pool size: 20 (min=1)
12-Dec-2024 15:05:48.883 INFO [http-nio-8080-exec-5] org.hibernate.dialect.Dialect.<init> HHH000400: Using dialect: org.hibernate.dialect.MySQL8Dialect
12-Dec-2024 15:05:51.797 INFO [http-nio-8080-exec-5] org.hibernate.engine.jdbc.connections.internal.DriverManagerConnectionProviderImpl.stop HHH10001008: Cleaning up connection pool [jdbc:mysql://localhost:3306/marriagedb]
12-Dec-2024 15:05:56.874 INFO [http-nio-8080-exec-6] org.hibernate.jpa.internal.util.LogHelper.logPersistenceUnitInformation HHH000204: Processing PersistenceUnitInfo [
	name: newLife
	...]
12-Dec-2024 15:05:56.900 WARN [http-nio-8080-exec-6] org.hibernate.engine.jdbc.connections.internal.DriverManagerConnectionProviderImpl.configure HHH10001002: Using Hibernate built-in connection pool (not for production use!)
12-Dec-2024 15:05:56.901 INFO [http-nio-8080-exec-6] org.hibernate.engine.jdbc.connections.internal.DriverManagerConnectionProviderImpl.buildCreator HHH10001005: using driver [com.mysql.cj.jdbc.Driver] at URL [jdbc:mysql://localhost:3306/marriagedb]
12-Dec-2024 15:05:56.901 INFO [http-nio-8080-exec-6] org.hibernate.engine.jdbc.connections.internal.DriverManagerConnectionProviderImpl.buildCreator HHH10001001: Connection properties: {user=root, password=****}
12-Dec-2024 15:05:56.902 INFO [http-nio-8080-exec-6] org.hibernate.engine.jdbc.connections.internal.DriverManagerConnectionProviderImpl.buildCreator HHH10001003: Autocommit mode: false
12-Dec-2024 15:05:56.902 INFO [http-nio-8080-exec-6] org.hibernate.engine.jdbc.connections.internal.DriverManagerConnectionProviderImpl$PooledConnections.<init> HHH000115: Hibernate connection pool size: 20 (min=1)
12-Dec-2024 15:05:56.941 INFO [http-nio-8080-exec-6] org.hibernate.dialect.Dialect.<init> HHH000400: Using dialect: org.hibernate.dialect.MySQL8Dialect
12-Dec-2024 15:05:57.002 INFO [http-nio-8080-exec-6] org.hibernate.engine.jdbc.connections.internal.DriverManagerConnectionProviderImpl.stop HHH10001008: Cleaning up connection pool [jdbc:mysql://localhost:3306/marriagedb]
12-Dec-2024 15:44:39.686 INFO [Thread-4] org.apache.coyote.AbstractProtocol.pause Pausing ProtocolHandler ["http-nio-8080"]
12-Dec-2024 15:44:39.881 INFO [Thread-4] org.apache.catalina.core.StandardService.stopInternal Stopping service [Catalina]
12-Dec-2024 15:44:39.937 WARNING [Thread-4] org.apache.catalina.loader.WebappClassLoaderBase.clearReferencesJdbc The web application [marriageRegister] registered the JDBC driver [com.mysql.cj.jdbc.Driver] but failed to unregister it when the web application was stopped. To prevent a memory leak, the JDBC Driver has been forcibly unregistered.
12-Dec-2024 15:44:39.937 WARNING [Thread-4] org.apache.catalina.loader.WebappClassLoaderBase.clearReferencesThreads The web application [marriageRegister] appears to have started a thread named [mysql-cj-abandoned-connection-cleanup] but has failed to stop it. This is very likely to create a memory leak. Stack trace of thread:
 java.lang.Object.wait(Native Method)
 java.lang.ref.ReferenceQueue.remove(ReferenceQueue.java:144)
 com.mysql.cj.jdbc.AbandonedConnectionCleanupThread.run(AbandonedConnectionCleanupThread.java:93)
 java.util.concurrent.ThreadPoolExecutor.runWorker(ThreadPoolExecutor.java:1149)
 java.util.concurrent.ThreadPoolExecutor$Worker.run(ThreadPoolExecutor.java:624)
 java.lang.Thread.run(Thread.java:748)
12-Dec-2024 15:44:39.954 INFO [Thread-4] org.apache.coyote.AbstractProtocol.stop Stopping ProtocolHandler ["http-nio-8080"]
12-Dec-2024 15:44:39.981 INFO [Thread-4] org.apache.coyote.AbstractProtocol.destroy Destroying ProtocolHandler ["http-nio-8080"]
12-Dec-2024 15:44:42.696 INFO [main] org.apache.catalina.startup.VersionLoggerListener.log Server version name:   Apache Tomcat/9.0.38
12-Dec-2024 15:44:42.700 INFO [main] org.apache.catalina.startup.VersionLoggerListener.log Server built:          Sep 10 2020 08:20:30 UTC
12-Dec-2024 15:44:42.700 INFO [main] org.apache.catalina.startup.VersionLoggerListener.log Server version number: 9.0.38.0
12-Dec-2024 15:44:42.700 INFO [main] org.apache.catalina.startup.VersionLoggerListener.log OS Name:               Windows 10
12-Dec-2024 15:44:42.700 INFO [main] org.apache.catalina.startup.VersionLoggerListener.log OS Version:            10.0
12-Dec-2024 15:44:42.701 INFO [main] org.apache.catalina.startup.VersionLoggerListener.log Architecture:          amd64
12-Dec-2024 15:44:42.701 INFO [main] org.apache.catalina.startup.VersionLoggerListener.log Java Home:             C:\Program Files\Java\jdk1.8.0_261\jre
12-Dec-2024 15:44:42.701 INFO [main] org.apache.catalina.startup.VersionLoggerListener.log JVM Version:           1.8.0_261-b12
12-Dec-2024 15:44:42.701 INFO [main] org.apache.catalina.startup.VersionLoggerListener.log JVM Vendor:            Oracle Corporation
12-Dec-2024 15:44:42.701 INFO [main] org.apache.catalina.startup.VersionLoggerListener.log CATALINA_BASE:         C:\Users\MUJAHID\IdeaProjects\marriageRegister
12-Dec-2024 15:44:42.701 INFO [main] org.apache.catalina.startup.VersionLoggerListener.log CATALINA_HOME:         C:\Users\MUJAHID\Downloads\tomcat-1\apache-tomcat-9.0.38
12-Dec-2024 15:44:42.704 INFO [main] org.apache.catalina.startup.VersionLoggerListener.log Command line argument: -Dcatalina.home=C:\Users\MUJAHID\Downloads\tomcat-1\apache-tomcat-9.0.38
12-Dec-2024 15:44:42.704 INFO [main] org.apache.catalina.startup.VersionLoggerListener.log Command line argument: -Dcatalina.base=C:\Users\MUJAHID\IdeaProjects\marriageRegister
12-Dec-2024 15:44:42.704 INFO [main] org.apache.catalina.startup.VersionLoggerListener.log Command line argument: -Djava.io.tmpdir=C:\Users\MUJAHID\IdeaProjects\marriageRegister\temp
12-Dec-2024 15:44:42.705 INFO [main] org.apache.catalina.startup.VersionLoggerListener.log Command line argument: -Djava.util.logging.config.file=C:\Users\MUJAHID\IdeaProjects\marriageRegister\conf\logging.properties
12-Dec-2024 15:44:42.705 INFO [main] org.apache.catalina.startup.VersionLoggerListener.log Command line argument: -Djava.util.logging.manager=org.apache.juli.ClassLoaderLogManager
12-Dec-2024 15:44:42.705 INFO [main] org.apache.catalina.startup.VersionLoggerListener.log Command line argument: -javaagent:C:\Users\MUJAHID\Downloads\ideaIC-2024.1.4.win\lib\idea_rt.jar=53084:C:\Users\MUJAHID\Downloads\ideaIC-2024.1.4.win\bin
12-Dec-2024 15:44:42.705 INFO [main] org.apache.catalina.startup.VersionLoggerListener.log Command line argument: -Dfile.encoding=UTF-8
12-Dec-2024 15:44:42.711 INFO [main] org.apache.catalina.core.AprLifecycleListener.lifecycleEvent Loaded Apache Tomcat Native library [1.2.25] using APR version [1.7.0].
12-Dec-2024 15:44:42.711 INFO [main] org.apache.catalina.core.AprLifecycleListener.lifecycleEvent APR capabilities: IPv6 [true], sendfile [true], accept filters [false], random [true].
12-Dec-2024 15:44:42.711 INFO [main] org.apache.catalina.core.AprLifecycleListener.lifecycleEvent APR/OpenSSL configuration: useAprConnector [false], useOpenSSL [true]
12-Dec-2024 15:44:42.718 INFO [main] org.apache.catalina.core.AprLifecycleListener.initializeSSL OpenSSL successfully initialized [OpenSSL 1.1.1g  21 Apr 2020]
12-Dec-2024 15:44:43.313 INFO [main] org.apache.coyote.AbstractProtocol.init Initializing ProtocolHandler ["http-nio-8080"]
12-Dec-2024 15:44:43.666 INFO [main] org.apache.catalina.startup.Catalina.load Server initialization in [1257] milliseconds
12-Dec-2024 15:44:43.707 INFO [main] org.apache.catalina.core.StandardService.startInternal Starting service [Catalina]
12-Dec-2024 15:44:43.708 INFO [main] org.apache.catalina.core.StandardEngine.startInternal Starting Servlet engine: [Apache Tomcat/9.0.38]
12-Dec-2024 15:44:43.721 INFO [main] org.apache.catalina.startup.HostConfig.deployDescriptor Deploying deployment descriptor [C:\Users\MUJAHID\IdeaProjects\marriageRegister\conf\Catalina\localhost\marriageRegister.xml]
12-Dec-2024 15:44:47.213 INFO [main] org.apache.jasper.servlet.TldScanner.scanJars At least one JAR was scanned for TLDs yet contained no TLDs. Enable debug logging for this logger for a complete list of JARs that were scanned but no TLDs were found in them. Skipping unneeded JARs during scanning can improve startup time and JSP compilation time.
12-Dec-2024 15:44:47.491 INFO [main] org.springframework.web.servlet.FrameworkServlet.initServletBean Initializing Servlet 'dispatcher'
12-Dec-2024 15:44:49.084 INFO [main] org.springframework.web.servlet.FrameworkServlet.initServletBean Completed initialization in 1593 ms
12-Dec-2024 15:44:49.100 INFO [main] org.apache.catalina.startup.HostConfig.deployDescriptor Deployment of deployment descriptor [C:\Users\MUJAHID\IdeaProjects\marriageRegister\conf\Catalina\localhost\marriageRegister.xml] has finished in [5,379] ms
12-Dec-2024 15:44:49.101 INFO [main] org.apache.catalina.startup.HostConfig.deployDescriptor Deploying deployment descriptor [C:\Users\MUJAHID\IdeaProjects\marriageRegister\conf\Catalina\localhost\Spring1.xml]
12-Dec-2024 15:44:50.246 INFO [main] org.apache.jasper.servlet.TldScanner.scanJars At least one JAR was scanned for TLDs yet contained no TLDs. Enable debug logging for this logger for a complete list of JARs that were scanned but no TLDs were found in them. Skipping unneeded JARs during scanning can improve startup time and JSP compilation time.
12-Dec-2024 15:44:50.378 INFO [main] org.springframework.web.servlet.FrameworkServlet.initServletBean Initializing Servlet 'dispatcher'
12-Dec-2024 15:44:51.271 INFO [main] org.springframework.web.servlet.FrameworkServlet.initServletBean Completed initialization in 893 ms
12-Dec-2024 15:44:51.273 INFO [main] org.apache.catalina.startup.HostConfig.deployDescriptor Deployment of deployment descriptor [C:\Users\MUJAHID\IdeaProjects\marriageRegister\conf\Catalina\localhost\Spring1.xml] has finished in [2,172] ms
12-Dec-2024 15:44:51.278 INFO [main] org.apache.coyote.AbstractProtocol.start Starting ProtocolHandler ["http-nio-8080"]
12-Dec-2024 15:44:51.286 INFO [main] org.apache.catalina.startup.Catalina.start Server startup in [7620] milliseconds
12-Dec-2024 15:45:08.728 INFO [http-nio-8080-exec-5] org.hibernate.jpa.internal.util.LogHelper.logPersistenceUnitInformation HHH000204: Processing PersistenceUnitInfo [
	name: newLife
	...]
12-Dec-2024 15:45:08.935 INFO [http-nio-8080-exec-5] org.hibernate.Version.logVersion HHH000412: Hibernate Core {5.3.36.Final}
12-Dec-2024 15:45:08.938 INFO [http-nio-8080-exec-5] org.hibernate.cfg.Environment.<clinit> HHH000206: hibernate.properties not found
12-Dec-2024 15:45:09.357 INFO [http-nio-8080-exec-5] org.hibernate.annotations.common.reflection.java.JavaReflectionManager.<clinit> HCANN000001: Hibernate Commons Annotations {5.0.5.Final}
12-Dec-2024 15:45:09.709 WARN [http-nio-8080-exec-5] org.hibernate.engine.jdbc.connections.internal.DriverManagerConnectionProviderImpl.configure HHH10001002: Using Hibernate built-in connection pool (not for production use!)
12-Dec-2024 15:45:09.728 INFO [http-nio-8080-exec-5] org.hibernate.engine.jdbc.connections.internal.DriverManagerConnectionProviderImpl.buildCreator HHH10001005: using driver [com.mysql.cj.jdbc.Driver] at URL [jdbc:mysql://localhost:3306/marriagedb]
12-Dec-2024 15:45:09.728 INFO [http-nio-8080-exec-5] org.hibernate.engine.jdbc.connections.internal.DriverManagerConnectionProviderImpl.buildCreator HHH10001001: Connection properties: {user=root, password=****}
12-Dec-2024 15:45:09.729 INFO [http-nio-8080-exec-5] org.hibernate.engine.jdbc.connections.internal.DriverManagerConnectionProviderImpl.buildCreator HHH10001003: Autocommit mode: false
12-Dec-2024 15:45:09.735 INFO [http-nio-8080-exec-5] org.hibernate.engine.jdbc.connections.internal.DriverManagerConnectionProviderImpl$PooledConnections.<init> HHH000115: Hibernate connection pool size: 20 (min=1)
12-Dec-2024 15:45:10.497 INFO [http-nio-8080-exec-5] org.hibernate.dialect.Dialect.<init> HHH000400: Using dialect: org.hibernate.dialect.MySQL8Dialect
12-Dec-2024 15:45:12.524 INFO [http-nio-8080-exec-5] org.hibernate.engine.jdbc.connections.internal.DriverManagerConnectionProviderImpl.stop HHH10001008: Cleaning up connection pool [jdbc:mysql://localhost:3306/marriagedb]
12-Dec-2024 15:47:12.834 INFO [http-nio-8080-exec-8] org.hibernate.jpa.internal.util.LogHelper.logPersistenceUnitInformation HHH000204: Processing PersistenceUnitInfo [
	name: newLife
	...]
12-Dec-2024 15:47:12.842 WARN [http-nio-8080-exec-8] org.hibernate.engine.jdbc.connections.internal.DriverManagerConnectionProviderImpl.configure HHH10001002: Using Hibernate built-in connection pool (not for production use!)
12-Dec-2024 15:47:12.842 INFO [http-nio-8080-exec-8] org.hibernate.engine.jdbc.connections.internal.DriverManagerConnectionProviderImpl.buildCreator HHH10001005: using driver [com.mysql.cj.jdbc.Driver] at URL [jdbc:mysql://localhost:3306/marriagedb]
12-Dec-2024 15:47:12.842 INFO [http-nio-8080-exec-8] org.hibernate.engine.jdbc.connections.internal.DriverManagerConnectionProviderImpl.buildCreator HHH10001001: Connection properties: {user=root, password=****}
12-Dec-2024 15:47:12.842 INFO [http-nio-8080-exec-8] org.hibernate.engine.jdbc.connections.internal.DriverManagerConnectionProviderImpl.buildCreator HHH10001003: Autocommit mode: false
12-Dec-2024 15:47:12.842 INFO [http-nio-8080-exec-8] org.hibernate.engine.jdbc.connections.internal.DriverManagerConnectionProviderImpl$PooledConnections.<init> HHH000115: Hibernate connection pool size: 20 (min=1)
12-Dec-2024 15:47:12.887 INFO [http-nio-8080-exec-8] org.hibernate.dialect.Dialect.<init> HHH000400: Using dialect: org.hibernate.dialect.MySQL8Dialect
12-Dec-2024 15:47:12.941 INFO [http-nio-8080-exec-8] org.hibernate.engine.jdbc.connections.internal.DriverManagerConnectionProviderImpl.stop HHH10001008: Cleaning up connection pool [jdbc:mysql://localhost:3306/marriagedb]
12-Dec-2024 15:52:00.624 INFO [http-nio-8080-exec-1] org.hibernate.jpa.internal.util.LogHelper.logPersistenceUnitInformation HHH000204: Processing PersistenceUnitInfo [
	name: newLife
	...]
12-Dec-2024 15:52:00.682 WARN [http-nio-8080-exec-1] org.hibernate.engine.jdbc.connections.internal.DriverManagerConnectionProviderImpl.configure HHH10001002: Using Hibernate built-in connection pool (not for production use!)
12-Dec-2024 15:52:00.682 INFO [http-nio-8080-exec-1] org.hibernate.engine.jdbc.connections.internal.DriverManagerConnectionProviderImpl.buildCreator HHH10001005: using driver [com.mysql.cj.jdbc.Driver] at URL [jdbc:mysql://localhost:3306/marriagedb]
12-Dec-2024 15:52:00.689 INFO [http-nio-8080-exec-1] org.hibernate.engine.jdbc.connections.internal.DriverManagerConnectionProviderImpl.buildCreator HHH10001001: Connection properties: {user=root, password=****}
12-Dec-2024 15:52:00.689 INFO [http-nio-8080-exec-1] org.hibernate.engine.jdbc.connections.internal.DriverManagerConnectionProviderImpl.buildCreator HHH10001003: Autocommit mode: false
12-Dec-2024 15:52:00.692 INFO [http-nio-8080-exec-1] org.hibernate.engine.jdbc.connections.internal.DriverManagerConnectionProviderImpl$PooledConnections.<init> HHH000115: Hibernate connection pool size: 20 (min=1)
12-Dec-2024 15:52:00.747 INFO [http-nio-8080-exec-1] org.hibernate.dialect.Dialect.<init> HHH000400: Using dialect: org.hibernate.dialect.MySQL8Dialect
12-Dec-2024 15:52:00.864 INFO [http-nio-8080-exec-1] org.hibernate.engine.jdbc.connections.internal.DriverManagerConnectionProviderImpl.stop HHH10001008: Cleaning up connection pool [jdbc:mysql://localhost:3306/marriagedb]
12-Dec-2024 15:53:00.743 INFO [http-nio-8080-exec-4] org.hibernate.jpa.internal.util.LogHelper.logPersistenceUnitInformation HHH000204: Processing PersistenceUnitInfo [
	name: newLife
	...]
12-Dec-2024 15:53:00.768 WARN [http-nio-8080-exec-4] org.hibernate.engine.jdbc.connections.internal.DriverManagerConnectionProviderImpl.configure HHH10001002: Using Hibernate built-in connection pool (not for production use!)
12-Dec-2024 15:53:00.770 INFO [http-nio-8080-exec-4] org.hibernate.engine.jdbc.connections.internal.DriverManagerConnectionProviderImpl.buildCreator HHH10001005: using driver [com.mysql.cj.jdbc.Driver] at URL [jdbc:mysql://localhost:3306/marriagedb]
12-Dec-2024 15:53:00.772 INFO [http-nio-8080-exec-4] org.hibernate.engine.jdbc.connections.internal.DriverManagerConnectionProviderImpl.buildCreator HHH10001001: Connection properties: {user=root, password=****}
12-Dec-2024 15:53:00.772 INFO [http-nio-8080-exec-4] org.hibernate.engine.jdbc.connections.internal.DriverManagerConnectionProviderImpl.buildCreator HHH10001003: Autocommit mode: false
12-Dec-2024 15:53:00.773 INFO [http-nio-8080-exec-4] org.hibernate.engine.jdbc.connections.internal.DriverManagerConnectionProviderImpl$PooledConnections.<init> HHH000115: Hibernate connection pool size: 20 (min=1)
12-Dec-2024 15:53:00.801 INFO [http-nio-8080-exec-4] org.hibernate.dialect.Dialect.<init> HHH000400: Using dialect: org.hibernate.dialect.MySQL8Dialect
12-Dec-2024 15:53:00.890 INFO [http-nio-8080-exec-4] org.hibernate.engine.jdbc.connections.internal.DriverManagerConnectionProviderImpl.stop HHH10001008: Cleaning up connection pool [jdbc:mysql://localhost:3306/marriagedb]
12-Dec-2024 15:53:55.839 INFO [http-nio-8080-exec-7] org.hibernate.jpa.internal.util.LogHelper.logPersistenceUnitInformation HHH000204: Processing PersistenceUnitInfo [
	name: newLife
	...]
12-Dec-2024 15:53:55.869 WARN [http-nio-8080-exec-7] org.hibernate.engine.jdbc.connections.internal.DriverManagerConnectionProviderImpl.configure HHH10001002: Using Hibernate built-in connection pool (not for production use!)
12-Dec-2024 15:53:55.870 INFO [http-nio-8080-exec-7] org.hibernate.engine.jdbc.connections.internal.DriverManagerConnectionProviderImpl.buildCreator HHH10001005: using driver [com.mysql.cj.jdbc.Driver] at URL [jdbc:mysql://localhost:3306/marriagedb]
12-Dec-2024 15:53:55.870 INFO [http-nio-8080-exec-7] org.hibernate.engine.jdbc.connections.internal.DriverManagerConnectionProviderImpl.buildCreator HHH10001001: Connection properties: {user=root, password=****}
12-Dec-2024 15:53:55.871 INFO [http-nio-8080-exec-7] org.hibernate.engine.jdbc.connections.internal.DriverManagerConnectionProviderImpl.buildCreator HHH10001003: Autocommit mode: false
12-Dec-2024 15:53:55.871 INFO [http-nio-8080-exec-7] org.hibernate.engine.jdbc.connections.internal.DriverManagerConnectionProviderImpl$PooledConnections.<init> HHH000115: Hibernate connection pool size: 20 (min=1)
12-Dec-2024 15:53:55.904 INFO [http-nio-8080-exec-7] org.hibernate.dialect.Dialect.<init> HHH000400: Using dialect: org.hibernate.dialect.MySQL8Dialect
12-Dec-2024 15:53:55.998 INFO [http-nio-8080-exec-7] org.hibernate.engine.jdbc.connections.internal.DriverManagerConnectionProviderImpl.stop HHH10001008: Cleaning up connection pool [jdbc:mysql://localhost:3306/marriagedb]
12-Dec-2024 15:55:07.035 INFO [http-nio-8080-exec-10] org.hibernate.jpa.internal.util.LogHelper.logPersistenceUnitInformation HHH000204: Processing PersistenceUnitInfo [
	name: newLife
	...]
12-Dec-2024 15:55:07.064 WARN [http-nio-8080-exec-10] org.hibernate.engine.jdbc.connections.internal.DriverManagerConnectionProviderImpl.configure HHH10001002: Using Hibernate built-in connection pool (not for production use!)
12-Dec-2024 15:55:07.064 INFO [http-nio-8080-exec-10] org.hibernate.engine.jdbc.connections.internal.DriverManagerConnectionProviderImpl.buildCreator HHH10001005: using driver [com.mysql.cj.jdbc.Driver] at URL [jdbc:mysql://localhost:3306/marriagedb]
12-Dec-2024 15:55:07.066 INFO [http-nio-8080-exec-10] org.hibernate.engine.jdbc.connections.internal.DriverManagerConnectionProviderImpl.buildCreator HHH10001001: Connection properties: {user=root, password=****}
12-Dec-2024 15:55:07.067 INFO [http-nio-8080-exec-10] org.hibernate.engine.jdbc.connections.internal.DriverManagerConnectionProviderImpl.buildCreator HHH10001003: Autocommit mode: false
12-Dec-2024 15:55:07.068 INFO [http-nio-8080-exec-10] org.hibernate.engine.jdbc.connections.internal.DriverManagerConnectionProviderImpl$PooledConnections.<init> HHH000115: Hibernate connection pool size: 20 (min=1)
12-Dec-2024 15:55:07.097 INFO [http-nio-8080-exec-10] org.hibernate.dialect.Dialect.<init> HHH000400: Using dialect: org.hibernate.dialect.MySQL8Dialect
12-Dec-2024 15:55:07.232 INFO [http-nio-8080-exec-10] org.hibernate.engine.jdbc.connections.internal.DriverManagerConnectionProviderImpl.stop HHH10001008: Cleaning up connection pool [jdbc:mysql://localhost:3306/marriagedb]
12-Dec-2024 15:55:18.684 INFO [http-nio-8080-exec-2] org.hibernate.jpa.internal.util.LogHelper.logPersistenceUnitInformation HHH000204: Processing PersistenceUnitInfo [
	name: newLife
	...]
12-Dec-2024 15:55:18.722 WARN [http-nio-8080-exec-2] org.hibernate.engine.jdbc.connections.internal.DriverManagerConnectionProviderImpl.configure HHH10001002: Using Hibernate built-in connection pool (not for production use!)
12-Dec-2024 15:55:18.723 INFO [http-nio-8080-exec-2] org.hibernate.engine.jdbc.connections.internal.DriverManagerConnectionProviderImpl.buildCreator HHH10001005: using driver [com.mysql.cj.jdbc.Driver] at URL [jdbc:mysql://localhost:3306/marriagedb]
12-Dec-2024 15:55:18.723 INFO [http-nio-8080-exec-2] org.hibernate.engine.jdbc.connections.internal.DriverManagerConnectionProviderImpl.buildCreator HHH10001001: Connection properties: {user=root, password=****}
12-Dec-2024 15:55:18.723 INFO [http-nio-8080-exec-2] org.hibernate.engine.jdbc.connections.internal.DriverManagerConnectionProviderImpl.buildCreator HHH10001003: Autocommit mode: false
12-Dec-2024 15:55:18.723 INFO [http-nio-8080-exec-2] org.hibernate.engine.jdbc.connections.internal.DriverManagerConnectionProviderImpl$PooledConnections.<init> HHH000115: Hibernate connection pool size: 20 (min=1)
12-Dec-2024 15:55:18.759 INFO [http-nio-8080-exec-2] org.hibernate.dialect.Dialect.<init> HHH000400: Using dialect: org.hibernate.dialect.MySQL8Dialect
12-Dec-2024 15:55:18.892 INFO [http-nio-8080-exec-2] org.hibernate.engine.jdbc.connections.internal.DriverManagerConnectionProviderImpl.stop HHH10001008: Cleaning up connection pool [jdbc:mysql://localhost:3306/marriagedb]
12-Dec-2024 15:55:55.126 INFO [http-nio-8080-exec-6] org.hibernate.jpa.internal.util.LogHelper.logPersistenceUnitInformation HHH000204: Processing PersistenceUnitInfo [
	name: newLife
	...]
12-Dec-2024 15:55:55.153 WARN [http-nio-8080-exec-6] org.hibernate.engine.jdbc.connections.internal.DriverManagerConnectionProviderImpl.configure HHH10001002: Using Hibernate built-in connection pool (not for production use!)
12-Dec-2024 15:55:55.153 INFO [http-nio-8080-exec-6] org.hibernate.engine.jdbc.connections.internal.DriverManagerConnectionProviderImpl.buildCreator HHH10001005: using driver [com.mysql.cj.jdbc.Driver] at URL [jdbc:mysql://localhost:3306/marriagedb]
12-Dec-2024 15:55:55.153 INFO [http-nio-8080-exec-6] org.hibernate.engine.jdbc.connections.internal.DriverManagerConnectionProviderImpl.buildCreator HHH10001001: Connection properties: {user=root, password=****}
12-Dec-2024 15:55:55.154 INFO [http-nio-8080-exec-6] org.hibernate.engine.jdbc.connections.internal.DriverManagerConnectionProviderImpl.buildCreator HHH10001003: Autocommit mode: false
12-Dec-2024 15:55:55.154 INFO [http-nio-8080-exec-6] org.hibernate.engine.jdbc.connections.internal.DriverManagerConnectionProviderImpl$PooledConnections.<init> HHH000115: Hibernate connection pool size: 20 (min=1)
12-Dec-2024 15:55:55.190 INFO [http-nio-8080-exec-6] org.hibernate.dialect.Dialect.<init> HHH000400: Using dialect: org.hibernate.dialect.MySQL8Dialect
12-Dec-2024 15:55:55.272 INFO [http-nio-8080-exec-6] org.hibernate.engine.jdbc.connections.internal.DriverManagerConnectionProviderImpl.stop HHH10001008: Cleaning up connection pool [jdbc:mysql://localhost:3306/marriagedb]
12-Dec-2024 15:57:42.502 INFO [http-nio-8080-exec-9] org.hibernate.jpa.internal.util.LogHelper.logPersistenceUnitInformation HHH000204: Processing PersistenceUnitInfo [
	name: newLife
	...]
12-Dec-2024 15:57:42.542 WARN [http-nio-8080-exec-9] org.hibernate.engine.jdbc.connections.internal.DriverManagerConnectionProviderImpl.configure HHH10001002: Using Hibernate built-in connection pool (not for production use!)
12-Dec-2024 15:57:42.543 INFO [http-nio-8080-exec-9] org.hibernate.engine.jdbc.connections.internal.DriverManagerConnectionProviderImpl.buildCreator HHH10001005: using driver [com.mysql.cj.jdbc.Driver] at URL [jdbc:mysql://localhost:3306/marriagedb]
12-Dec-2024 15:57:42.543 INFO [http-nio-8080-exec-9] org.hibernate.engine.jdbc.connections.internal.DriverManagerConnectionProviderImpl.buildCreator HHH10001001: Connection properties: {user=root, password=****}
12-Dec-2024 15:57:42.544 INFO [http-nio-8080-exec-9] org.hibernate.engine.jdbc.connections.internal.DriverManagerConnectionProviderImpl.buildCreator HHH10001003: Autocommit mode: false
12-Dec-2024 15:57:42.544 INFO [http-nio-8080-exec-9] org.hibernate.engine.jdbc.connections.internal.DriverManagerConnectionProviderImpl$PooledConnections.<init> HHH000115: Hibernate connection pool size: 20 (min=1)
12-Dec-2024 15:57:42.572 INFO [http-nio-8080-exec-9] org.hibernate.dialect.Dialect.<init> HHH000400: Using dialect: org.hibernate.dialect.MySQL8Dialect
12-Dec-2024 15:57:42.646 INFO [http-nio-8080-exec-9] org.hibernate.engine.jdbc.connections.internal.DriverManagerConnectionProviderImpl.stop HHH10001008: Cleaning up connection pool [jdbc:mysql://localhost:3306/marriagedb]
12-Dec-2024 15:59:11.230 INFO [http-nio-8080-exec-3] org.hibernate.jpa.internal.util.LogHelper.logPersistenceUnitInformation HHH000204: Processing PersistenceUnitInfo [
	name: newLife
	...]
12-Dec-2024 15:59:11.258 WARN [http-nio-8080-exec-3] org.hibernate.engine.jdbc.connections.internal.DriverManagerConnectionProviderImpl.configure HHH10001002: Using Hibernate built-in connection pool (not for production use!)
12-Dec-2024 15:59:11.258 INFO [http-nio-8080-exec-3] org.hibernate.engine.jdbc.connections.internal.DriverManagerConnectionProviderImpl.buildCreator HHH10001005: using driver [com.mysql.cj.jdbc.Driver] at URL [jdbc:mysql://localhost:3306/marriagedb]
12-Dec-2024 15:59:11.259 INFO [http-nio-8080-exec-3] org.hibernate.engine.jdbc.connections.internal.DriverManagerConnectionProviderImpl.buildCreator HHH10001001: Connection properties: {user=root, password=****}
12-Dec-2024 15:59:11.259 INFO [http-nio-8080-exec-3] org.hibernate.engine.jdbc.connections.internal.DriverManagerConnectionProviderImpl.buildCreator HHH10001003: Autocommit mode: false
12-Dec-2024 15:59:11.259 INFO [http-nio-8080-exec-3] org.hibernate.engine.jdbc.connections.internal.DriverManagerConnectionProviderImpl$PooledConnections.<init> HHH000115: Hibernate connection pool size: 20 (min=1)
12-Dec-2024 15:59:11.276 INFO [http-nio-8080-exec-3] org.hibernate.dialect.Dialect.<init> HHH000400: Using dialect: org.hibernate.dialect.MySQL8Dialect
12-Dec-2024 15:59:11.343 INFO [http-nio-8080-exec-3] org.hibernate.engine.jdbc.connections.internal.DriverManagerConnectionProviderImpl.stop HHH10001008: Cleaning up connection pool [jdbc:mysql://localhost:3306/marriagedb]
12-Dec-2024 16:00:10.713 INFO [http-nio-8080-exec-5] org.hibernate.jpa.internal.util.LogHelper.logPersistenceUnitInformation HHH000204: Processing PersistenceUnitInfo [
	name: newLife
	...]
12-Dec-2024 16:00:10.741 WARN [http-nio-8080-exec-5] org.hibernate.engine.jdbc.connections.internal.DriverManagerConnectionProviderImpl.configure HHH10001002: Using Hibernate built-in connection pool (not for production use!)
12-Dec-2024 16:00:10.741 INFO [http-nio-8080-exec-5] org.hibernate.engine.jdbc.connections.internal.DriverManagerConnectionProviderImpl.buildCreator HHH10001005: using driver [com.mysql.cj.jdbc.Driver] at URL [jdbc:mysql://localhost:3306/marriagedb]
12-Dec-2024 16:00:10.743 INFO [http-nio-8080-exec-5] org.hibernate.engine.jdbc.connections.internal.DriverManagerConnectionProviderImpl.buildCreator HHH10001001: Connection properties: {user=root, password=****}
12-Dec-2024 16:00:10.743 INFO [http-nio-8080-exec-5] org.hibernate.engine.jdbc.connections.internal.DriverManagerConnectionProviderImpl.buildCreator HHH10001003: Autocommit mode: false
12-Dec-2024 16:00:10.743 INFO [http-nio-8080-exec-5] org.hibernate.engine.jdbc.connections.internal.DriverManagerConnectionProviderImpl$PooledConnections.<init> HHH000115: Hibernate connection pool size: 20 (min=1)
12-Dec-2024 16:00:10.776 INFO [http-nio-8080-exec-5] org.hibernate.dialect.Dialect.<init> HHH000400: Using dialect: org.hibernate.dialect.MySQL8Dialect
12-Dec-2024 16:00:10.850 INFO [http-nio-8080-exec-5] org.hibernate.engine.jdbc.connections.internal.DriverManagerConnectionProviderImpl.stop HHH10001008: Cleaning up connection pool [jdbc:mysql://localhost:3306/marriagedb]
12-Dec-2024 16:00:52.277 INFO [http-nio-8080-exec-8] org.hibernate.jpa.internal.util.LogHelper.logPersistenceUnitInformation HHH000204: Processing PersistenceUnitInfo [
	name: newLife
	...]
12-Dec-2024 16:00:52.325 WARN [http-nio-8080-exec-8] org.hibernate.engine.jdbc.connections.internal.DriverManagerConnectionProviderImpl.configure HHH10001002: Using Hibernate built-in connection pool (not for production use!)
12-Dec-2024 16:00:52.325 INFO [http-nio-8080-exec-8] org.hibernate.engine.jdbc.connections.internal.DriverManagerConnectionProviderImpl.buildCreator HHH10001005: using driver [com.mysql.cj.jdbc.Driver] at URL [jdbc:mysql://localhost:3306/marriagedb]
12-Dec-2024 16:00:52.326 INFO [http-nio-8080-exec-8] org.hibernate.engine.jdbc.connections.internal.DriverManagerConnectionProviderImpl.buildCreator HHH10001001: Connection properties: {user=root, password=****}
12-Dec-2024 16:00:52.326 INFO [http-nio-8080-exec-8] org.hibernate.engine.jdbc.connections.internal.DriverManagerConnectionProviderImpl.buildCreator HHH10001003: Autocommit mode: false
12-Dec-2024 16:00:52.326 INFO [http-nio-8080-exec-8] org.hibernate.engine.jdbc.connections.internal.DriverManagerConnectionProviderImpl$PooledConnections.<init> HHH000115: Hibernate connection pool size: 20 (min=1)
12-Dec-2024 16:00:52.353 INFO [http-nio-8080-exec-8] org.hibernate.dialect.Dialect.<init> HHH000400: Using dialect: org.hibernate.dialect.MySQL8Dialect
12-Dec-2024 16:00:52.452 INFO [http-nio-8080-exec-8] org.hibernate.engine.jdbc.connections.internal.DriverManagerConnectionProviderImpl.stop HHH10001008: Cleaning up connection pool [jdbc:mysql://localhost:3306/marriagedb]
12-Dec-2024 16:01:32.169 INFO [Thread-4] org.apache.coyote.AbstractProtocol.pause Pausing ProtocolHandler ["http-nio-8080"]
12-Dec-2024 16:01:32.339 INFO [Thread-4] org.apache.catalina.core.StandardService.stopInternal Stopping service [Catalina]
12-Dec-2024 16:01:32.411 WARNING [Thread-4] org.apache.catalina.loader.WebappClassLoaderBase.clearReferencesJdbc The web application [marriageRegister] registered the JDBC driver [com.mysql.cj.jdbc.Driver] but failed to unregister it when the web application was stopped. To prevent a memory leak, the JDBC Driver has been forcibly unregistered.
12-Dec-2024 16:01:32.412 WARNING [Thread-4] org.apache.catalina.loader.WebappClassLoaderBase.clearReferencesThreads The web application [marriageRegister] appears to have started a thread named [mysql-cj-abandoned-connection-cleanup] but has failed to stop it. This is very likely to create a memory leak. Stack trace of thread:
 java.lang.Object.wait(Native Method)
 java.lang.ref.ReferenceQueue.remove(ReferenceQueue.java:144)
 com.mysql.cj.jdbc.AbandonedConnectionCleanupThread.run(AbandonedConnectionCleanupThread.java:93)
 java.util.concurrent.ThreadPoolExecutor.runWorker(ThreadPoolExecutor.java:1149)
 java.util.concurrent.ThreadPoolExecutor$Worker.run(ThreadPoolExecutor.java:624)
 java.lang.Thread.run(Thread.java:748)
12-Dec-2024 16:01:32.448 INFO [Thread-4] org.apache.coyote.AbstractProtocol.stop Stopping ProtocolHandler ["http-nio-8080"]
12-Dec-2024 16:01:32.521 INFO [Thread-4] org.apache.coyote.AbstractProtocol.destroy Destroying ProtocolHandler ["http-nio-8080"]
