19-Feb-2025 15:58:20.920 INFO [main] org.apache.catalina.startup.VersionLoggerListener.log Server version name:   Apache Tomcat/9.0.38
19-Feb-2025 15:58:20.926 INFO [main] org.apache.catalina.startup.VersionLoggerListener.log Server built:          Sep 10 2020 08:20:30 UTC
19-Feb-2025 15:58:20.926 INFO [main] org.apache.catalina.startup.VersionLoggerListener.log Server version number: 9.0.38.0
19-Feb-2025 15:58:20.926 INFO [main] org.apache.catalina.startup.VersionLoggerListener.log OS Name:               Windows 10
19-Feb-2025 15:58:20.926 INFO [main] org.apache.catalina.startup.VersionLoggerListener.log OS Version:            10.0
19-Feb-2025 15:58:20.926 INFO [main] org.apache.catalina.startup.VersionLoggerListener.log Architecture:          amd64
19-Feb-2025 15:58:20.926 INFO [main] org.apache.catalina.startup.VersionLoggerListener.log Java Home:             C:\Program Files\Java\jdk1.8.0_261\jre
19-Feb-2025 15:58:20.926 INFO [main] org.apache.catalina.startup.VersionLoggerListener.log JVM Version:           1.8.0_261-b12
19-Feb-2025 15:58:20.926 INFO [main] org.apache.catalina.startup.VersionLoggerListener.log JVM Vendor:            Oracle Corporation
19-Feb-2025 15:58:20.926 INFO [main] org.apache.catalina.startup.VersionLoggerListener.log CATALINA_BASE:         C:\Users\MUJAHID\IdeaProjects\backup_userform
19-Feb-2025 15:58:20.926 INFO [main] org.apache.catalina.startup.VersionLoggerListener.log CATALINA_HOME:         C:\Users\MUJAHID\Downloads\tomcat-1\apache-tomcat-9.0.38
19-Feb-2025 15:58:20.930 INFO [main] org.apache.catalina.startup.VersionLoggerListener.log Command line argument: -Dcatalina.home=C:\Users\MUJAHID\Downloads\tomcat-1\apache-tomcat-9.0.38
19-Feb-2025 15:58:20.931 INFO [main] org.apache.catalina.startup.VersionLoggerListener.log Command line argument: -Dcatalina.base=C:\Users\MUJAHID\IdeaProjects\backup_userform
19-Feb-2025 15:58:20.931 INFO [main] org.apache.catalina.startup.VersionLoggerListener.log Command line argument: -Djava.io.tmpdir=C:\Users\MUJAHID\IdeaProjects\backup_userform\temp
19-Feb-2025 15:58:20.931 INFO [main] org.apache.catalina.startup.VersionLoggerListener.log Command line argument: -Djava.util.logging.config.file=C:\Users\MUJAHID\IdeaProjects\backup_userform\conf\logging.properties
19-Feb-2025 15:58:20.931 INFO [main] org.apache.catalina.startup.VersionLoggerListener.log Command line argument: -Djava.util.logging.manager=org.apache.juli.ClassLoaderLogManager
19-Feb-2025 15:58:20.931 INFO [main] org.apache.catalina.startup.VersionLoggerListener.log Command line argument: -javaagent:C:\Users\MUJAHID\Downloads\ideaIC-2024.1.4.win\lib\idea_rt.jar=62687:C:\Users\MUJAHID\Downloads\ideaIC-2024.1.4.win\bin
19-Feb-2025 15:58:20.931 INFO [main] org.apache.catalina.startup.VersionLoggerListener.log Command line argument: -Dfile.encoding=UTF-8
19-Feb-2025 15:58:20.935 INFO [main] org.apache.catalina.core.AprLifecycleListener.lifecycleEvent Loaded Apache Tomcat Native library [1.2.25] using APR version [1.7.0].
19-Feb-2025 15:58:20.935 INFO [main] org.apache.catalina.core.AprLifecycleListener.lifecycleEvent APR capabilities: IPv6 [true], sendfile [true], accept filters [false], random [true].
19-Feb-2025 15:58:20.935 INFO [main] org.apache.catalina.core.AprLifecycleListener.lifecycleEvent APR/OpenSSL configuration: useAprConnector [false], useOpenSSL [true]
19-Feb-2025 15:58:20.941 INFO [main] org.apache.catalina.core.AprLifecycleListener.initializeSSL OpenSSL successfully initialized [OpenSSL 1.1.1g  21 Apr 2020]
19-Feb-2025 15:58:21.499 INFO [main] org.apache.coyote.AbstractProtocol.init Initializing ProtocolHandler ["http-nio-8080"]
19-Feb-2025 15:58:21.808 INFO [main] org.apache.catalina.startup.Catalina.load Server initialization in [1260] milliseconds
19-Feb-2025 15:58:21.848 INFO [main] org.apache.catalina.core.StandardService.startInternal Starting service [Catalina]
19-Feb-2025 15:58:21.848 INFO [main] org.apache.catalina.core.StandardEngine.startInternal Starting Servlet engine: [Apache Tomcat/9.0.38]
19-Feb-2025 15:58:21.864 INFO [main] org.apache.catalina.startup.HostConfig.deployDescriptor Deploying deployment descriptor [C:\Users\MUJAHID\IdeaProjects\backup_userform\conf\Catalina\localhost\backup_userform.xml]
19-Feb-2025 15:58:25.290 INFO [main] org.apache.jasper.servlet.TldScanner.scanJars At least one JAR was scanned for TLDs yet contained no TLDs. Enable debug logging for this logger for a complete list of JARs that were scanned but no TLDs were found in them. Skipping unneeded JARs during scanning can improve startup time and JSP compilation time.
19-Feb-2025 15:58:25.649 INFO [main] org.springframework.web.servlet.FrameworkServlet.initServletBean Initializing Servlet 'dispatcher'
19-Feb-2025 15:58:27.043 INFO [main] org.springframework.web.servlet.FrameworkServlet.initServletBean Completed initialization in 1394 ms
19-Feb-2025 15:58:27.063 INFO [main] org.apache.catalina.startup.HostConfig.deployDescriptor Deployment of deployment descriptor [C:\Users\MUJAHID\IdeaProjects\backup_userform\conf\Catalina\localhost\backup_userform.xml] has finished in [5,198] ms
19-Feb-2025 15:58:27.063 INFO [main] org.apache.catalina.startup.HostConfig.deployDescriptor Deploying deployment descriptor [C:\Users\MUJAHID\IdeaProjects\backup_userform\conf\Catalina\localhost\Spring1.xml]
19-Feb-2025 15:58:28.313 INFO [main] org.apache.jasper.servlet.TldScanner.scanJars At least one JAR was scanned for TLDs yet contained no TLDs. Enable debug logging for this logger for a complete list of JARs that were scanned but no TLDs were found in them. Skipping unneeded JARs during scanning can improve startup time and JSP compilation time.
19-Feb-2025 15:58:28.447 INFO [main] org.springframework.web.servlet.FrameworkServlet.initServletBean Initializing Servlet 'dispatcher'
19-Feb-2025 15:58:29.123 INFO [main] org.springframework.web.servlet.FrameworkServlet.initServletBean Completed initialization in 676 ms
19-Feb-2025 15:58:29.125 INFO [main] org.apache.catalina.startup.HostConfig.deployDescriptor Deployment of deployment descriptor [C:\Users\MUJAHID\IdeaProjects\backup_userform\conf\Catalina\localhost\Spring1.xml] has finished in [2,062] ms
19-Feb-2025 15:58:29.162 INFO [main] org.apache.coyote.AbstractProtocol.start Starting ProtocolHandler ["http-nio-8080"]
19-Feb-2025 15:58:29.175 INFO [main] org.apache.catalina.startup.Catalina.start Server startup in [7367] milliseconds
19-Feb-2025 15:59:18.304 INFO [http-nio-8080-exec-5] org.hibernate.jpa.internal.util.LogHelper.logPersistenceUnitInformation HHH000204: Processing PersistenceUnitInfo [
	name: userForm
	...]
19-Feb-2025 15:59:18.912 INFO [http-nio-8080-exec-5] org.hibernate.Version.logVersion HHH000412: Hibernate Core {5.3.36.Final}
19-Feb-2025 15:59:18.928 INFO [http-nio-8080-exec-5] org.hibernate.cfg.Environment.<clinit> HHH000206: hibernate.properties not found
19-Feb-2025 15:59:20.376 INFO [http-nio-8080-exec-5] org.hibernate.annotations.common.reflection.java.JavaReflectionManager.<clinit> HCANN000001: Hibernate Commons Annotations {5.0.5.Final}
19-Feb-2025 15:59:21.541 WARN [http-nio-8080-exec-5] org.hibernate.engine.jdbc.connections.internal.DriverManagerConnectionProviderImpl.configure HHH10001002: Using Hibernate built-in connection pool (not for production use!)
19-Feb-2025 15:59:21.589 INFO [http-nio-8080-exec-5] org.hibernate.engine.jdbc.connections.internal.DriverManagerConnectionProviderImpl.buildCreator HHH10001005: using driver [com.mysql.cj.jdbc.Driver] at URL [jdbc:mysql://localhost:3306/userformdb]
19-Feb-2025 15:59:21.589 INFO [http-nio-8080-exec-5] org.hibernate.engine.jdbc.connections.internal.DriverManagerConnectionProviderImpl.buildCreator HHH10001001: Connection properties: {user=root, password=****}
19-Feb-2025 15:59:21.589 INFO [http-nio-8080-exec-5] org.hibernate.engine.jdbc.connections.internal.DriverManagerConnectionProviderImpl.buildCreator HHH10001003: Autocommit mode: false
19-Feb-2025 15:59:21.621 INFO [http-nio-8080-exec-5] org.hibernate.engine.jdbc.connections.internal.DriverManagerConnectionProviderImpl$PooledConnections.<init> HHH000115: Hibernate connection pool size: 20 (min=1)
19-Feb-2025 15:59:24.125 INFO [http-nio-8080-exec-5] org.hibernate.dialect.Dialect.<init> HHH000400: Using dialect: org.hibernate.dialect.MySQL8Dialect
19-Feb-2025 16:00:31.090 INFO [Thread-4] org.apache.coyote.AbstractProtocol.pause Pausing ProtocolHandler ["http-nio-8080"]
19-Feb-2025 16:00:31.277 INFO [Thread-4] org.apache.catalina.core.StandardService.stopInternal Stopping service [Catalina]
19-Feb-2025 16:00:31.301 WARNING [Thread-4] org.apache.catalina.loader.WebappClassLoaderBase.clearReferencesJdbc The web application [backup_userform] registered the JDBC driver [com.mysql.cj.jdbc.Driver] but failed to unregister it when the web application was stopped. To prevent a memory leak, the JDBC Driver has been forcibly unregistered.
19-Feb-2025 16:00:31.301 WARNING [Thread-4] org.apache.catalina.loader.WebappClassLoaderBase.clearReferencesThreads The web application [backup_userform] appears to have started a thread named [mysql-cj-abandoned-connection-cleanup] but has failed to stop it. This is very likely to create a memory leak. Stack trace of thread:
 java.lang.Object.wait(Native Method)
 java.lang.ref.ReferenceQueue.remove(ReferenceQueue.java:144)
 com.mysql.cj.jdbc.AbandonedConnectionCleanupThread.run(AbandonedConnectionCleanupThread.java:93)
 java.util.concurrent.ThreadPoolExecutor.runWorker(ThreadPoolExecutor.java:1149)
 java.util.concurrent.ThreadPoolExecutor$Worker.run(ThreadPoolExecutor.java:624)
 java.lang.Thread.run(Thread.java:748)
19-Feb-2025 16:00:31.302 WARNING [Thread-4] org.apache.catalina.loader.WebappClassLoaderBase.clearReferencesThreads The web application [backup_userform] appears to have started a thread named [pool-1-thread-1] but has failed to stop it. This is very likely to create a memory leak. Stack trace of thread:
 sun.misc.Unsafe.park(Native Method)
 java.util.concurrent.locks.LockSupport.parkNanos(LockSupport.java:215)
 java.util.concurrent.locks.AbstractQueuedSynchronizer$ConditionObject.awaitNanos(AbstractQueuedSynchronizer.java:2078)
 java.util.concurrent.ScheduledThreadPoolExecutor$DelayedWorkQueue.take(ScheduledThreadPoolExecutor.java:1093)
 java.util.concurrent.ScheduledThreadPoolExecutor$DelayedWorkQueue.take(ScheduledThreadPoolExecutor.java:809)
 java.util.concurrent.ThreadPoolExecutor.getTask(ThreadPoolExecutor.java:1074)
 java.util.concurrent.ThreadPoolExecutor.runWorker(ThreadPoolExecutor.java:1134)
 java.util.concurrent.ThreadPoolExecutor$Worker.run(ThreadPoolExecutor.java:624)
 java.lang.Thread.run(Thread.java:748)
19-Feb-2025 16:00:31.330 INFO [Thread-4] org.apache.coyote.AbstractProtocol.stop Stopping ProtocolHandler ["http-nio-8080"]
19-Feb-2025 16:00:31.340 INFO [Thread-4] org.apache.coyote.AbstractProtocol.destroy Destroying ProtocolHandler ["http-nio-8080"]
